{"/Users/ryanpalo/projects/flasher/client/src/app.js": {"path":"/Users/ryanpalo/projects/flasher/client/src/app.js","statementMap":{"0":{"start":{"line":1,"column":13},"end":{"line":1,"column":75}},"1":{"start":{"line":1,"column":94},"end":{"line":1,"column":146}},"2":{"start":{"line":1,"column":160},"end":{"line":1,"column":176}},"3":{"start":{"line":1,"column":191},"end":{"line":1,"column":221}},"4":{"start":{"line":3,"column":14},"end":{"line":3,"column":44}},"5":{"start":{"line":3,"column":60},"end":{"line":3,"column":91}},"6":{"start":{"line":4,"column":14},"end":{"line":4,"column":33}},"7":{"start":{"line":4,"column":49},"end":{"line":4,"column":80}},"8":{"start":{"line":4,"column":119},"end":{"line":4,"column":173}},"9":{"start":{"line":9,"column":4},"end":{"line":11,"column":130}},"10":{"start":{"line":14,"column":4},"end":{"line":17,"column":4}}},"fnMap":{"0":{"name":"_interopRequireDefault","decl":{"start":{"line":4,"column":90},"end":{"line":4,"column":112}},"loc":{"start":{"line":4,"column":118},"end":{"line":4,"column":174}},"line":4},"1":{"name":"(anonymous_1)","decl":{"start":{"line":8,"column":2},"end":{"line":8,"column":3}},"loc":{"start":{"line":8,"column":11},"end":{"line":14,"column":3}},"line":8}},"branchMap":{"0":{"loc":{"start":{"line":4,"column":126},"end":{"line":4,"column":172}},"type":"cond-expr","locations":[{"start":{"line":4,"column":150},"end":{"line":4,"column":153}},{"start":{"line":4,"column":156},"end":{"line":4,"column":172}}],"line":4},"1":{"loc":{"start":{"line":4,"column":126},"end":{"line":4,"column":147}},"type":"binary-expr","locations":[{"start":{"line":4,"column":126},"end":{"line":4,"column":129}},{"start":{"line":4,"column":133},"end":{"line":4,"column":147}}],"line":4}},"s":{"0":0,"1":0,"2":0,"3":0,"4":0,"5":0,"6":0,"7":0,"8":0,"9":0,"10":0},"f":{"0":0,"1":0},"b":{"0":[0,0],"1":[0,0]}}
,"/Users/ryanpalo/projects/flasher/client/src/index.js": {"path":"/Users/ryanpalo/projects/flasher/client/src/index.js","statementMap":{"0":{"start":{"line":1,"column":32},"end":{"line":1,"column":86}},"1":{"start":{"line":1,"column":100},"end":{"line":1,"column":116}},"2":{"start":{"line":1,"column":131},"end":{"line":1,"column":161}},"3":{"start":{"line":2,"column":16},"end":{"line":2,"column":36}},"4":{"start":{"line":2,"column":54},"end":{"line":2,"column":87}},"5":{"start":{"line":3,"column":18},"end":{"line":3,"column":40}},"6":{"start":{"line":4,"column":19},"end":{"line":4,"column":42}},"7":{"start":{"line":5,"column":29},"end":{"line":5,"column":63}},"8":{"start":{"line":5,"column":94},"end":{"line":5,"column":140}},"9":{"start":{"line":6,"column":24},"end":{"line":6,"column":53}},"10":{"start":{"line":8,"column":13},"end":{"line":8,"column":31}},"11":{"start":{"line":8,"column":46},"end":{"line":8,"column":76}},"12":{"start":{"line":10,"column":11},"end":{"line":10,"column":27}},"13":{"start":{"line":10,"column":40},"end":{"line":10,"column":68}},"14":{"start":{"line":13,"column":0},"end":{"line":13,"column":51}},"15":{"start":{"line":13,"column":89},"end":{"line":13,"column":143}},"16":{"start":{"line":16,"column":0},"end":{"line":24,"column":33}},"17":{"start":{"line":26,"column":0},"end":{"line":26,"column":39}}},"fnMap":{"0":{"name":"_interopRequireDefault","decl":{"start":{"line":13,"column":60},"end":{"line":13,"column":82}},"loc":{"start":{"line":13,"column":88},"end":{"line":13,"column":144}},"line":13}},"branchMap":{"0":{"loc":{"start":{"line":13,"column":96},"end":{"line":13,"column":142}},"type":"cond-expr","locations":[{"start":{"line":13,"column":120},"end":{"line":13,"column":123}},{"start":{"line":13,"column":126},"end":{"line":13,"column":142}}],"line":13},"1":{"loc":{"start":{"line":13,"column":96},"end":{"line":13,"column":117}},"type":"binary-expr","locations":[{"start":{"line":13,"column":96},"end":{"line":13,"column":99}},{"start":{"line":13,"column":103},"end":{"line":13,"column":117}}],"line":13}},"s":{"0":0,"1":0,"2":0,"3":0,"4":0,"5":0,"6":0,"7":0,"8":0,"9":0,"10":0,"11":0,"12":0,"13":0,"14":0,"15":0,"16":0,"17":0},"f":{"0":0},"b":{"0":[0,0],"1":[0,0]}}
,"/Users/ryanpalo/projects/flasher/client/src/registerServiceWorker.js": {"path":"/Users/ryanpalo/projects/flasher/client/src/registerServiceWorker.js","statementMap":{"0":{"start":{"line":1,"column":13},"end":{"line":1,"column":75}},"1":{"start":{"line":1,"column":75},"end":{"line":21,"column":9}},"2":{"start":{"line":21,"column":9},"end":{"line":102,"column":24}},"3":{"start":{"line":109,"column":20},"end":{"line":111,"column":89}},"4":{"start":{"line":111,"column":111},"end":{"line":117,"column":44}},"5":{"start":{"line":112,"column":22},"end":{"line":112,"column":70}},"6":{"start":{"line":112,"column":71},"end":{"line":115,"column":14}},"7":{"start":{"line":115,"column":6},"end":{"line":115,"column":13}},"8":{"start":{"line":115,"column":14},"end":{"line":117,"column":43}},"9":{"start":{"line":115,"column":67},"end":{"line":115,"column":112}},"10":{"start":{"line":115,"column":113},"end":{"line":117,"column":40}},"11":{"start":{"line":116,"column":8},"end":{"line":116,"column":31}},"12":{"start":{"line":117,"column":8},"end":{"line":117,"column":39}},"13":{"start":{"line":117,"column":78},"end":{"line":124,"column":156}},"14":{"start":{"line":117,"column":140},"end":{"line":124,"column":68}},"15":{"start":{"line":117,"column":201},"end":{"line":117,"column":224}},"16":{"start":{"line":117,"column":225},"end":{"line":124,"column":66}},"17":{"start":{"line":117,"column":265},"end":{"line":124,"column":64}},"18":{"start":{"line":117,"column":310},"end":{"line":124,"column":63}},"19":{"start":{"line":121,"column":12},"end":{"line":121,"column":69}},"20":{"start":{"line":124,"column":12},"end":{"line":124,"column":62}},"21":{"start":{"line":124,"column":87},"end":{"line":124,"column":153}},"22":{"start":{"line":125,"column":2},"end":{"line":128,"column":126}},"23":{"start":{"line":126,"column":4},"end":{"line":128,"column":30}},"24":{"start":{"line":127,"column":6},"end":{"line":127,"column":127}},"25":{"start":{"line":127,"column":58},"end":{"line":127,"column":124}},"26":{"start":{"line":127,"column":96},"end":{"line":127,"column":121}},"27":{"start":{"line":128,"column":6},"end":{"line":128,"column":29}},"28":{"start":{"line":128,"column":46},"end":{"line":128,"column":123}},"29":{"start":{"line":128,"column":150},"end":{"line":128,"column":267}},"30":{"start":{"line":128,"column":185},"end":{"line":128,"column":266}},"31":{"start":{"line":128,"column":237},"end":{"line":128,"column":263}}},"fnMap":{"0":{"name":"register","decl":{"start":{"line":111,"column":99},"end":{"line":111,"column":107}},"loc":{"start":{"line":111,"column":110},"end":{"line":117,"column":45}},"line":111},"1":{"name":"(anonymous_1)","decl":{"start":{"line":115,"column":46},"end":{"line":115,"column":47}},"loc":{"start":{"line":115,"column":52},"end":{"line":117,"column":41}},"line":115},"2":{"name":"registerValidSW","decl":{"start":{"line":117,"column":54},"end":{"line":117,"column":69}},"loc":{"start":{"line":117,"column":77},"end":{"line":124,"column":157}},"line":117},"3":{"name":"(anonymous_3)","decl":{"start":{"line":117,"column":123},"end":{"line":117,"column":124}},"loc":{"start":{"line":117,"column":139},"end":{"line":124,"column":69}},"line":117},"4":{"name":"(anonymous_4)","decl":{"start":{"line":117,"column":169},"end":{"line":117,"column":170}},"loc":{"start":{"line":117,"column":175},"end":{"line":124,"column":67}},"line":117},"5":{"name":"(anonymous_5)","decl":{"start":{"line":117,"column":258},"end":{"line":117,"column":259}},"loc":{"start":{"line":117,"column":264},"end":{"line":124,"column":65}},"line":117},"6":{"name":"(anonymous_6)","decl":{"start":{"line":124,"column":77},"end":{"line":124,"column":78}},"loc":{"start":{"line":124,"column":86},"end":{"line":124,"column":154}},"line":124},"7":{"name":"checkValidServiceWorker","decl":{"start":{"line":124,"column":166},"end":{"line":124,"column":189}},"loc":{"start":{"line":124,"column":197},"end":{"line":128,"column":127}},"line":124},"8":{"name":"(anonymous_8)","decl":{"start":{"line":125,"column":20},"end":{"line":125,"column":21}},"loc":{"start":{"line":125,"column":32},"end":{"line":128,"column":31}},"line":125},"9":{"name":"(anonymous_9)","decl":{"start":{"line":127,"column":41},"end":{"line":127,"column":42}},"loc":{"start":{"line":127,"column":57},"end":{"line":127,"column":125}},"line":127},"10":{"name":"(anonymous_10)","decl":{"start":{"line":127,"column":89},"end":{"line":127,"column":90}},"loc":{"start":{"line":127,"column":95},"end":{"line":127,"column":122}},"line":127},"11":{"name":"(anonymous_11)","decl":{"start":{"line":128,"column":39},"end":{"line":128,"column":40}},"loc":{"start":{"line":128,"column":45},"end":{"line":128,"column":124}},"line":128},"12":{"name":"unregister","decl":{"start":{"line":128,"column":136},"end":{"line":128,"column":146}},"loc":{"start":{"line":128,"column":149},"end":{"line":128,"column":268}},"line":128},"13":{"name":"(anonymous_13)","decl":{"start":{"line":128,"column":220},"end":{"line":128,"column":221}},"loc":{"start":{"line":128,"column":236},"end":{"line":128,"column":264}},"line":128}},"branchMap":{"0":{"loc":{"start":{"line":109,"column":28},"end":{"line":111,"column":88}},"type":"binary-expr","locations":[{"start":{"line":109,"column":28},"end":{"line":109,"column":68}},{"start":{"line":110,"column":0},"end":{"line":110,"column":36}},{"start":{"line":111,"column":0},"end":{"line":111,"column":88}}],"line":109},"1":{"loc":{"start":{"line":111,"column":111},"end":{"line":117,"column":44}},"type":"if","locations":[{"start":{"line":111,"column":111},"end":{"line":117,"column":44}},{"start":{"line":111,"column":111},"end":{"line":117,"column":44}}],"line":111},"2":{"loc":{"start":{"line":111,"column":115},"end":{"line":111,"column":184}},"type":"binary-expr","locations":[{"start":{"line":111,"column":115},"end":{"line":111,"column":152}},{"start":{"line":111,"column":156},"end":{"line":111,"column":184}}],"line":111},"3":{"loc":{"start":{"line":112,"column":71},"end":{"line":115,"column":14}},"type":"if","locations":[{"start":{"line":112,"column":71},"end":{"line":115,"column":14}},{"start":{"line":112,"column":71},"end":{"line":115,"column":14}}],"line":112},"4":{"loc":{"start":{"line":115,"column":113},"end":{"line":117,"column":40}},"type":"if","locations":[{"start":{"line":115,"column":113},"end":{"line":117,"column":40}},{"start":{"line":115,"column":113},"end":{"line":117,"column":40}}],"line":115},"5":{"loc":{"start":{"line":117,"column":265},"end":{"line":124,"column":64}},"type":"if","locations":[{"start":{"line":117,"column":265},"end":{"line":124,"column":64}},{"start":{"line":117,"column":265},"end":{"line":124,"column":64}}],"line":117},"6":{"loc":{"start":{"line":117,"column":310},"end":{"line":124,"column":63}},"type":"if","locations":[{"start":{"line":117,"column":310},"end":{"line":124,"column":63}},{"start":{"line":117,"column":310},"end":{"line":124,"column":63}}],"line":117},"7":{"loc":{"start":{"line":126,"column":4},"end":{"line":128,"column":30}},"type":"if","locations":[{"start":{"line":126,"column":4},"end":{"line":128,"column":30}},{"start":{"line":126,"column":4},"end":{"line":128,"column":30}}],"line":126},"8":{"loc":{"start":{"line":126,"column":8},"end":{"line":126,"column":100}},"type":"binary-expr","locations":[{"start":{"line":126,"column":8},"end":{"line":126,"column":31}},{"start":{"line":126,"column":35},"end":{"line":126,"column":100}}],"line":126},"9":{"loc":{"start":{"line":128,"column":150},"end":{"line":128,"column":267}},"type":"if","locations":[{"start":{"line":128,"column":150},"end":{"line":128,"column":267}},{"start":{"line":128,"column":150},"end":{"line":128,"column":267}}],"line":128}},"s":{"0":0,"1":0,"2":0,"3":0,"4":0,"5":0,"6":0,"7":0,"8":0,"9":0,"10":0,"11":0,"12":0,"13":0,"14":0,"15":0,"16":0,"17":0,"18":0,"19":0,"20":0,"21":0,"22":0,"23":0,"24":0,"25":0,"26":0,"27":0,"28":0,"29":0,"30":0,"31":0},"f":{"0":0,"1":0,"2":0,"3":0,"4":0,"5":0,"6":0,"7":0,"8":0,"9":0,"10":0,"11":0,"12":0,"13":0},"b":{"0":[0,0,0],"1":[0,0],"2":[0,0],"3":[0,0],"4":[0,0],"5":[0,0],"6":[0,0],"7":[0,0],"8":[0,0],"9":[0,0]}}
,"/Users/ryanpalo/projects/flasher/client/src/routes.js": {"path":"/Users/ryanpalo/projects/flasher/client/src/routes.js","statementMap":{"0":{"start":{"line":1,"column":13},"end":{"line":1,"column":75}},"1":{"start":{"line":1,"column":94},"end":{"line":1,"column":149}},"2":{"start":{"line":1,"column":163},"end":{"line":1,"column":179}},"3":{"start":{"line":1,"column":194},"end":{"line":1,"column":224}},"4":{"start":{"line":2,"column":22},"end":{"line":2,"column":49}},"5":{"start":{"line":8,"column":20},"end":{"line":8,"column":64}},"6":{"start":{"line":8,"column":86},"end":{"line":8,"column":123}},"7":{"start":{"line":10,"column":16},"end":{"line":10,"column":55}},"8":{"start":{"line":10,"column":73},"end":{"line":10,"column":106}},"9":{"start":{"line":11,"column":16},"end":{"line":11,"column":53}},"10":{"start":{"line":11,"column":71},"end":{"line":11,"column":104}},"11":{"start":{"line":12,"column":13},"end":{"line":12,"column":47}},"12":{"start":{"line":12,"column":62},"end":{"line":12,"column":92}},"13":{"start":{"line":13,"column":17},"end":{"line":13,"column":50}},"14":{"start":{"line":13,"column":69},"end":{"line":13,"column":103}},"15":{"start":{"line":14,"column":19},"end":{"line":14,"column":60}},"16":{"start":{"line":14,"column":81},"end":{"line":14,"column":117}},"17":{"start":{"line":15,"column":12},"end":{"line":15,"column":40}},"18":{"start":{"line":15,"column":54},"end":{"line":15,"column":83}},"19":{"start":{"line":15,"column":122},"end":{"line":15,"column":176}},"20":{"start":{"line":15,"column":177},"end":{"line":26,"column":179}},"21":{"start":{"line":20,"column":0},"end":{"line":26,"column":178}}},"fnMap":{"0":{"name":"_interopRequireDefault","decl":{"start":{"line":15,"column":93},"end":{"line":15,"column":115}},"loc":{"start":{"line":15,"column":121},"end":{"line":15,"column":177}},"line":15},"1":{"name":"(anonymous_1)","decl":{"start":{"line":19,"column":0},"end":{"line":19,"column":1}},"loc":{"start":{"line":20,"column":0},"end":{"line":26,"column":178}},"line":20}},"branchMap":{"0":{"loc":{"start":{"line":15,"column":129},"end":{"line":15,"column":175}},"type":"cond-expr","locations":[{"start":{"line":15,"column":153},"end":{"line":15,"column":156}},{"start":{"line":15,"column":159},"end":{"line":15,"column":175}}],"line":15},"1":{"loc":{"start":{"line":15,"column":129},"end":{"line":15,"column":150}},"type":"binary-expr","locations":[{"start":{"line":15,"column":129},"end":{"line":15,"column":132}},{"start":{"line":15,"column":136},"end":{"line":15,"column":150}}],"line":15}},"s":{"0":0,"1":0,"2":0,"3":0,"4":0,"5":0,"6":0,"7":0,"8":0,"9":0,"10":0,"11":0,"12":0,"13":0,"14":0,"15":0,"16":0,"17":0,"18":0,"19":0,"20":0,"21":0},"f":{"0":0,"1":0},"b":{"0":[0,0],"1":[0,0]}}
,"/Users/ryanpalo/projects/flasher/client/src/Header/Header.js": {"path":"/Users/ryanpalo/projects/flasher/client/src/Header/Header.js","statementMap":{"0":{"start":{"line":1,"column":13},"end":{"line":1,"column":75}},"1":{"start":{"line":1,"column":94},"end":{"line":1,"column":156}},"2":{"start":{"line":1,"column":170},"end":{"line":1,"column":186}},"3":{"start":{"line":1,"column":201},"end":{"line":1,"column":231}},"4":{"start":{"line":2,"column":13},"end":{"line":2,"column":29}},"5":{"start":{"line":3,"column":18},"end":{"line":3,"column":40}},"6":{"start":{"line":4,"column":20},"end":{"line":4,"column":55}},"7":{"start":{"line":6,"column":14},"end":{"line":6,"column":57}},"8":{"start":{"line":6,"column":73},"end":{"line":6,"column":104}},"9":{"start":{"line":7,"column":16},"end":{"line":7,"column":62}},"10":{"start":{"line":7,"column":80},"end":{"line":7,"column":113}},"11":{"start":{"line":8,"column":20},"end":{"line":8,"column":44}},"12":{"start":{"line":9,"column":14},"end":{"line":9,"column":56}},"13":{"start":{"line":9,"column":72},"end":{"line":9,"column":103}},"14":{"start":{"line":10,"column":14},"end":{"line":10,"column":56}},"15":{"start":{"line":10,"column":72},"end":{"line":10,"column":103}},"16":{"start":{"line":11,"column":14},"end":{"line":11,"column":49}},"17":{"start":{"line":11,"column":65},"end":{"line":11,"column":96}},"18":{"start":{"line":12,"column":14},"end":{"line":12,"column":37}},"19":{"start":{"line":12,"column":53},"end":{"line":12,"column":84}},"20":{"start":{"line":12,"column":123},"end":{"line":12,"column":177}},"21":{"start":{"line":14,"column":84},"end":{"line":31,"column":13}},"22":{"start":{"line":22,"column":6},"end":{"line":22,"column":64}},"23":{"start":{"line":26,"column":6},"end":{"line":26,"column":64}},"24":{"start":{"line":30,"column":6},"end":{"line":30,"column":66}},"25":{"start":{"line":34,"column":4},"end":{"line":64,"column":158}},"26":{"start":{"line":72,"column":24},"end":{"line":74,"column":50}},"27":{"start":{"line":72,"column":34},"end":{"line":74,"column":49}},"28":{"start":{"line":77,"column":27},"end":{"line":79,"column":9}},"29":{"start":{"line":77,"column":39},"end":{"line":79,"column":9}},"30":{"start":{"line":79,"column":10},"end":{"line":84,"column":12}}},"fnMap":{"0":{"name":"_interopRequireDefault","decl":{"start":{"line":12,"column":94},"end":{"line":12,"column":116}},"loc":{"start":{"line":12,"column":122},"end":{"line":12,"column":178}},"line":12},"1":{"name":"(anonymous_1)","decl":{"start":{"line":14,"column":52},"end":{"line":14,"column":53}},"loc":{"start":{"line":14,"column":73},"end":{"line":31,"column":14}},"line":14},"2":{"name":"(anonymous_2)","decl":{"start":{"line":21,"column":25},"end":{"line":21,"column":26}},"loc":{"start":{"line":21,"column":31},"end":{"line":23,"column":5}},"line":21},"3":{"name":"(anonymous_3)","decl":{"start":{"line":25,"column":25},"end":{"line":25,"column":26}},"loc":{"start":{"line":25,"column":31},"end":{"line":27,"column":5}},"line":25},"4":{"name":"(anonymous_4)","decl":{"start":{"line":29,"column":20},"end":{"line":29,"column":21}},"loc":{"start":{"line":29,"column":26},"end":{"line":31,"column":5}},"line":29},"5":{"name":"(anonymous_5)","decl":{"start":{"line":33,"column":2},"end":{"line":33,"column":3}},"loc":{"start":{"line":33,"column":11},"end":{"line":69,"column":3}},"line":33},"6":{"name":"(anonymous_6)","decl":{"start":{"line":72,"column":24},"end":{"line":72,"column":25}},"loc":{"start":{"line":72,"column":34},"end":{"line":74,"column":49}},"line":72},"7":{"name":"(anonymous_7)","decl":{"start":{"line":77,"column":27},"end":{"line":77,"column":28}},"loc":{"start":{"line":77,"column":39},"end":{"line":79,"column":9}},"line":77}},"branchMap":{"0":{"loc":{"start":{"line":12,"column":130},"end":{"line":12,"column":176}},"type":"cond-expr","locations":[{"start":{"line":12,"column":154},"end":{"line":12,"column":157}},{"start":{"line":12,"column":160},"end":{"line":12,"column":176}}],"line":12},"1":{"loc":{"start":{"line":12,"column":130},"end":{"line":12,"column":151}},"type":"binary-expr","locations":[{"start":{"line":12,"column":130},"end":{"line":12,"column":133}},{"start":{"line":12,"column":137},"end":{"line":12,"column":151}}],"line":12},"2":{"loc":{"start":{"line":47,"column":119},"end":{"line":53,"column":99}},"type":"cond-expr","locations":[{"start":{"line":48,"column":14},"end":{"line":48,"column":34}},{"start":{"line":49,"column":14},"end":{"line":53,"column":99}}],"line":47}},"s":{"0":0,"1":0,"2":0,"3":0,"4":0,"5":0,"6":0,"7":0,"8":0,"9":0,"10":0,"11":0,"12":0,"13":0,"14":0,"15":0,"16":0,"17":0,"18":0,"19":0,"20":0,"21":0,"22":0,"23":0,"24":0,"25":0,"26":0,"27":0,"28":0,"29":0,"30":0},"f":{"0":0,"1":0,"2":0,"3":0,"4":0,"5":0,"6":0,"7":0},"b":{"0":[0,0],"1":[0,0],"2":[0,0]}}
,"/Users/ryanpalo/projects/flasher/client/src/actions/cardActions.js": {"path":"/Users/ryanpalo/projects/flasher/client/src/actions/cardActions.js","statementMap":{"0":{"start":{"line":6,"column":16},"end":{"line":6,"column":43}},"1":{"start":{"line":9,"column":26},"end":{"line":22,"column":1}},"2":{"start":{"line":10,"column":2},"end":{"line":21,"column":3}},"3":{"start":{"line":11,"column":4},"end":{"line":20,"column":8}},"4":{"start":{"line":15,"column":8},"end":{"line":15,"column":82}},"5":{"start":{"line":16,"column":8},"end":{"line":16,"column":27}},"6":{"start":{"line":19,"column":8},"end":{"line":19,"column":60}},"7":{"start":{"line":24,"column":24},"end":{"line":52,"column":1}},"8":{"start":{"line":25,"column":2},"end":{"line":51,"column":3}},"9":{"start":{"line":26,"column":4},"end":{"line":50,"column":114}},"10":{"start":{"line":30,"column":24},"end":{"line":30,"column":26}},"11":{"start":{"line":31,"column":26},"end":{"line":31,"column":28}},"12":{"start":{"line":34,"column":8},"end":{"line":38,"column":10}},"13":{"start":{"line":35,"column":10},"end":{"line":35,"column":34}},"14":{"start":{"line":36,"column":10},"end":{"line":36,"column":38}},"15":{"start":{"line":37,"column":10},"end":{"line":37,"column":50}},"16":{"start":{"line":40,"column":8},"end":{"line":40,"column":48}},"17":{"start":{"line":41,"column":8},"end":{"line":48,"column":9}},"18":{"start":{"line":50,"column":23},"end":{"line":50,"column":112}},"19":{"start":{"line":54,"column":23},"end":{"line":62,"column":1}},"20":{"start":{"line":55,"column":2},"end":{"line":61,"column":3}},"21":{"start":{"line":56,"column":4},"end":{"line":60,"column":112}},"22":{"start":{"line":59,"column":24},"end":{"line":59,"column":101}},"23":{"start":{"line":60,"column":23},"end":{"line":60,"column":110}},"24":{"start":{"line":64,"column":31},"end":{"line":89,"column":1}},"25":{"start":{"line":65,"column":2},"end":{"line":88,"column":3}},"26":{"start":{"line":66,"column":4},"end":{"line":87,"column":119}},"27":{"start":{"line":70,"column":26},"end":{"line":70,"column":28}},"28":{"start":{"line":71,"column":28},"end":{"line":71,"column":30}},"29":{"start":{"line":74,"column":8},"end":{"line":77,"column":10}},"30":{"start":{"line":75,"column":10},"end":{"line":75,"column":36}},"31":{"start":{"line":76,"column":10},"end":{"line":76,"column":38}},"32":{"start":{"line":78,"column":8},"end":{"line":85,"column":9}},"33":{"start":{"line":87,"column":23},"end":{"line":87,"column":117}},"34":{"start":{"line":91,"column":26},"end":{"line":99,"column":1}},"35":{"start":{"line":92,"column":2},"end":{"line":98,"column":3}},"36":{"start":{"line":93,"column":4},"end":{"line":97,"column":109}},"37":{"start":{"line":96,"column":24},"end":{"line":96,"column":82}},"38":{"start":{"line":97,"column":23},"end":{"line":97,"column":107}},"39":{"start":{"line":101,"column":24},"end":{"line":109,"column":1}},"40":{"start":{"line":102,"column":2},"end":{"line":108,"column":3}},"41":{"start":{"line":103,"column":4},"end":{"line":107,"column":104}},"42":{"start":{"line":106,"column":24},"end":{"line":106,"column":104}},"43":{"start":{"line":107,"column":23},"end":{"line":107,"column":102}},"44":{"start":{"line":111,"column":27},"end":{"line":115,"column":1}},"45":{"start":{"line":112,"column":2},"end":{"line":114,"column":3}},"46":{"start":{"line":113,"column":4},"end":{"line":113,"column":74}}},"fnMap":{"0":{"name":"(anonymous_0)","decl":{"start":{"line":9,"column":26},"end":{"line":9,"column":27}},"loc":{"start":{"line":9,"column":51},"end":{"line":22,"column":1}},"line":9},"1":{"name":"(anonymous_1)","decl":{"start":{"line":10,"column":9},"end":{"line":10,"column":10}},"loc":{"start":{"line":11,"column":4},"end":{"line":20,"column":8}},"line":11},"2":{"name":"(anonymous_2)","decl":{"start":{"line":14,"column":12},"end":{"line":14,"column":13}},"loc":{"start":{"line":14,"column":24},"end":{"line":17,"column":7}},"line":14},"3":{"name":"(anonymous_3)","decl":{"start":{"line":18,"column":13},"end":{"line":18,"column":14}},"loc":{"start":{"line":18,"column":22},"end":{"line":20,"column":7}},"line":18},"4":{"name":"(anonymous_4)","decl":{"start":{"line":24,"column":24},"end":{"line":24,"column":25}},"loc":{"start":{"line":24,"column":38},"end":{"line":52,"column":1}},"line":24},"5":{"name":"(anonymous_5)","decl":{"start":{"line":25,"column":9},"end":{"line":25,"column":10}},"loc":{"start":{"line":25,"column":23},"end":{"line":51,"column":3}},"line":25},"6":{"name":"(anonymous_6)","decl":{"start":{"line":29,"column":12},"end":{"line":29,"column":13}},"loc":{"start":{"line":29,"column":23},"end":{"line":49,"column":7}},"line":29},"7":{"name":"(anonymous_7)","decl":{"start":{"line":34,"column":32},"end":{"line":34,"column":33}},"loc":{"start":{"line":34,"column":40},"end":{"line":38,"column":9}},"line":34},"8":{"name":"(anonymous_8)","decl":{"start":{"line":50,"column":13},"end":{"line":50,"column":14}},"loc":{"start":{"line":50,"column":22},"end":{"line":50,"column":113}},"line":50},"9":{"name":"(anonymous_9)","decl":{"start":{"line":54,"column":23},"end":{"line":54,"column":24}},"loc":{"start":{"line":54,"column":37},"end":{"line":62,"column":1}},"line":54},"10":{"name":"(anonymous_10)","decl":{"start":{"line":55,"column":9},"end":{"line":55,"column":10}},"loc":{"start":{"line":55,"column":23},"end":{"line":61,"column":3}},"line":55},"11":{"name":"(anonymous_11)","decl":{"start":{"line":59,"column":12},"end":{"line":59,"column":13}},"loc":{"start":{"line":59,"column":23},"end":{"line":59,"column":102}},"line":59},"12":{"name":"(anonymous_12)","decl":{"start":{"line":60,"column":13},"end":{"line":60,"column":14}},"loc":{"start":{"line":60,"column":22},"end":{"line":60,"column":111}},"line":60},"13":{"name":"(anonymous_13)","decl":{"start":{"line":64,"column":31},"end":{"line":64,"column":32}},"loc":{"start":{"line":64,"column":45},"end":{"line":89,"column":1}},"line":64},"14":{"name":"(anonymous_14)","decl":{"start":{"line":65,"column":9},"end":{"line":65,"column":10}},"loc":{"start":{"line":65,"column":23},"end":{"line":88,"column":3}},"line":65},"15":{"name":"(anonymous_15)","decl":{"start":{"line":69,"column":12},"end":{"line":69,"column":13}},"loc":{"start":{"line":69,"column":23},"end":{"line":86,"column":7}},"line":69},"16":{"name":"(anonymous_16)","decl":{"start":{"line":74,"column":32},"end":{"line":74,"column":33}},"loc":{"start":{"line":74,"column":42},"end":{"line":77,"column":9}},"line":74},"17":{"name":"(anonymous_17)","decl":{"start":{"line":87,"column":13},"end":{"line":87,"column":14}},"loc":{"start":{"line":87,"column":22},"end":{"line":87,"column":118}},"line":87},"18":{"name":"(anonymous_18)","decl":{"start":{"line":91,"column":26},"end":{"line":91,"column":27}},"loc":{"start":{"line":91,"column":49},"end":{"line":99,"column":1}},"line":91},"19":{"name":"(anonymous_19)","decl":{"start":{"line":92,"column":9},"end":{"line":92,"column":10}},"loc":{"start":{"line":92,"column":23},"end":{"line":98,"column":3}},"line":92},"20":{"name":"(anonymous_20)","decl":{"start":{"line":96,"column":12},"end":{"line":96,"column":13}},"loc":{"start":{"line":96,"column":23},"end":{"line":96,"column":83}},"line":96},"21":{"name":"(anonymous_21)","decl":{"start":{"line":97,"column":13},"end":{"line":97,"column":14}},"loc":{"start":{"line":97,"column":22},"end":{"line":97,"column":108}},"line":97},"22":{"name":"(anonymous_22)","decl":{"start":{"line":101,"column":24},"end":{"line":101,"column":25}},"loc":{"start":{"line":101,"column":53},"end":{"line":109,"column":1}},"line":101},"23":{"name":"(anonymous_23)","decl":{"start":{"line":102,"column":9},"end":{"line":102,"column":10}},"loc":{"start":{"line":102,"column":23},"end":{"line":108,"column":3}},"line":102},"24":{"name":"(anonymous_24)","decl":{"start":{"line":106,"column":12},"end":{"line":106,"column":13}},"loc":{"start":{"line":106,"column":23},"end":{"line":106,"column":105}},"line":106},"25":{"name":"(anonymous_25)","decl":{"start":{"line":107,"column":13},"end":{"line":107,"column":14}},"loc":{"start":{"line":107,"column":22},"end":{"line":107,"column":103}},"line":107},"26":{"name":"(anonymous_26)","decl":{"start":{"line":111,"column":27},"end":{"line":111,"column":28}},"loc":{"start":{"line":111,"column":63},"end":{"line":115,"column":1}},"line":111},"27":{"name":"(anonymous_27)","decl":{"start":{"line":112,"column":9},"end":{"line":112,"column":10}},"loc":{"start":{"line":112,"column":23},"end":{"line":114,"column":3}},"line":112}},"branchMap":{},"s":{"0":1,"1":1,"2":0,"3":0,"4":0,"5":0,"6":0,"7":1,"8":0,"9":0,"10":0,"11":0,"12":0,"13":0,"14":0,"15":0,"16":0,"17":0,"18":0,"19":1,"20":0,"21":0,"22":0,"23":0,"24":1,"25":0,"26":0,"27":0,"28":0,"29":0,"30":0,"31":0,"32":0,"33":0,"34":1,"35":0,"36":0,"37":0,"38":0,"39":1,"40":0,"41":0,"42":0,"43":0,"44":1,"45":5,"46":0},"f":{"0":0,"1":0,"2":0,"3":0,"4":0,"5":0,"6":0,"7":0,"8":0,"9":0,"10":0,"11":0,"12":0,"13":0,"14":0,"15":0,"16":0,"17":0,"18":0,"19":0,"20":0,"21":0,"22":0,"23":0,"24":0,"25":0,"26":5,"27":0},"b":{},"_coverageSchema":"332fd63041d2c1bcb487cc26dd0d5f7d97098a6c","hash":"51dbaca2c3158fc3613a595b20bac1f0e7e2e017"}
,"/Users/ryanpalo/projects/flasher/client/src/actions/loginActions.js": {"path":"/Users/ryanpalo/projects/flasher/client/src/actions/loginActions.js","statementMap":{"0":{"start":{"line":1,"column":13},"end":{"line":1,"column":75}},"1":{"start":{"line":1,"column":75},"end":{"line":1,"column":196}},"2":{"start":{"line":1,"column":209},"end":{"line":1,"column":225}},"3":{"start":{"line":1,"column":240},"end":{"line":1,"column":270}},"4":{"start":{"line":2,"column":24},"end":{"line":2,"column":53}},"5":{"start":{"line":3,"column":19},"end":{"line":3,"column":54}},"6":{"start":{"line":3,"column":69},"end":{"line":3,"column":106}},"7":{"start":{"line":3,"column":146},"end":{"line":3,"column":362}},"8":{"start":{"line":3,"column":174},"end":{"line":3,"column":185}},"9":{"start":{"line":3,"column":206},"end":{"line":3,"column":208}},"10":{"start":{"line":3,"column":209},"end":{"line":3,"column":326}},"11":{"start":{"line":3,"column":227},"end":{"line":3,"column":325}},"12":{"start":{"line":3,"column":249},"end":{"line":3,"column":324}},"13":{"start":{"line":3,"column":301},"end":{"line":3,"column":324}},"14":{"start":{"line":3,"column":326},"end":{"line":3,"column":347}},"15":{"start":{"line":3,"column":347},"end":{"line":3,"column":361}},"16":{"start":{"line":3,"column":401},"end":{"line":3,"column":455}},"17":{"start":{"line":5,"column":16},"end":{"line":5,"column":43}},"18":{"start":{"line":7,"column":21},"end":{"line":34,"column":1}},"19":{"start":{"line":8,"column":21},"end":{"line":8,"column":23}},"20":{"start":{"line":9,"column":2},"end":{"line":19,"column":3}},"21":{"start":{"line":10,"column":4},"end":{"line":16,"column":5}},"22":{"start":{"line":11,"column":6},"end":{"line":11,"column":38}},"23":{"start":{"line":12,"column":11},"end":{"line":16,"column":5}},"24":{"start":{"line":13,"column":6},"end":{"line":13,"column":32}},"25":{"start":{"line":15,"column":6},"end":{"line":15,"column":27}},"26":{"start":{"line":18,"column":4},"end":{"line":18,"column":64}},"27":{"start":{"line":21,"column":2},"end":{"line":32,"column":3}},"28":{"start":{"line":22,"column":4},"end":{"line":24,"column":31}},"29":{"start":{"line":27,"column":4},"end":{"line":29,"column":24}},"30":{"start":{"line":31,"column":4},"end":{"line":31,"column":52}},"31":{"start":{"line":33,"column":2},"end":{"line":33,"column":15}},"32":{"start":{"line":36,"column":19},"end":{"line":45,"column":1}},"33":{"start":{"line":37,"column":2},"end":{"line":44,"column":5}},"34":{"start":{"line":39,"column":4},"end":{"line":39,"column":96}},"35":{"start":{"line":40,"column":4},"end":{"line":40,"column":56}},"36":{"start":{"line":43,"column":4},"end":{"line":43,"column":76}},"37":{"start":{"line":43,"column":16},"end":{"line":43,"column":75}},"38":{"start":{"line":47,"column":18},"end":{"line":51,"column":1}},"39":{"start":{"line":48,"column":2},"end":{"line":50,"column":4}},"40":{"start":{"line":49,"column":4},"end":{"line":49,"column":61}},"41":{"start":{"line":53,"column":21},"end":{"line":57,"column":1}},"42":{"start":{"line":54,"column":2},"end":{"line":56,"column":4}},"43":{"start":{"line":55,"column":4},"end":{"line":55,"column":85}},"44":{"start":{"line":59,"column":19},"end":{"line":64,"column":1}},"45":{"start":{"line":60,"column":2},"end":{"line":63,"column":4}},"46":{"start":{"line":61,"column":4},"end":{"line":61,"column":44}},"47":{"start":{"line":62,"column":4},"end":{"line":62,"column":52}},"48":{"start":{"line":66,"column":22},"end":{"line":85,"column":1}},"49":{"start":{"line":67,"column":2},"end":{"line":84,"column":4}},"50":{"start":{"line":68,"column":4},"end":{"line":83,"column":5}},"51":{"start":{"line":69,"column":6},"end":{"line":80,"column":9}},"52":{"start":{"line":73,"column":8},"end":{"line":75,"column":44}},"53":{"start":{"line":79,"column":8},"end":{"line":79,"column":71}},"54":{"start":{"line":79,"column":20},"end":{"line":79,"column":70}},"55":{"start":{"line":82,"column":6},"end":{"line":82,"column":54}}},"fnMap":{"0":{"name":"_interopRequireWildcard","decl":{"start":{"line":3,"column":116},"end":{"line":3,"column":139}},"loc":{"start":{"line":3,"column":145},"end":{"line":3,"column":363}},"line":3},"1":{"name":"_interopRequireDefault","decl":{"start":{"line":3,"column":372},"end":{"line":3,"column":394}},"loc":{"start":{"line":3,"column":400},"end":{"line":3,"column":456}},"line":3},"2":{"name":"(anonymous_2)","decl":{"start":{"line":7,"column":44},"end":{"line":7,"column":45}},"loc":{"start":{"line":7,"column":71},"end":{"line":34,"column":1}},"line":7},"3":{"name":"(anonymous_3)","decl":{"start":{"line":36,"column":19},"end":{"line":36,"column":20}},"loc":{"start":{"line":36,"column":48},"end":{"line":45,"column":1}},"line":36},"4":{"name":"(anonymous_4)","decl":{"start":{"line":38,"column":7},"end":{"line":38,"column":8}},"loc":{"start":{"line":38,"column":19},"end":{"line":41,"column":3}},"line":38},"5":{"name":"(anonymous_5)","decl":{"start":{"line":42,"column":8},"end":{"line":42,"column":9}},"loc":{"start":{"line":42,"column":17},"end":{"line":44,"column":3}},"line":42},"6":{"name":"(anonymous_6)","decl":{"start":{"line":47,"column":38},"end":{"line":47,"column":39}},"loc":{"start":{"line":47,"column":63},"end":{"line":51,"column":1}},"line":47},"7":{"name":"(anonymous_7)","decl":{"start":{"line":48,"column":9},"end":{"line":48,"column":10}},"loc":{"start":{"line":48,"column":21},"end":{"line":50,"column":3}},"line":48},"8":{"name":"(anonymous_8)","decl":{"start":{"line":53,"column":44},"end":{"line":53,"column":45}},"loc":{"start":{"line":53,"column":90},"end":{"line":57,"column":1}},"line":53},"9":{"name":"(anonymous_9)","decl":{"start":{"line":54,"column":9},"end":{"line":54,"column":10}},"loc":{"start":{"line":54,"column":21},"end":{"line":56,"column":3}},"line":54},"10":{"name":"(anonymous_10)","decl":{"start":{"line":59,"column":40},"end":{"line":59,"column":41}},"loc":{"start":{"line":59,"column":46},"end":{"line":64,"column":1}},"line":59},"11":{"name":"(anonymous_11)","decl":{"start":{"line":60,"column":9},"end":{"line":60,"column":10}},"loc":{"start":{"line":60,"column":21},"end":{"line":63,"column":3}},"line":60},"12":{"name":"(anonymous_12)","decl":{"start":{"line":66,"column":46},"end":{"line":66,"column":47}},"loc":{"start":{"line":66,"column":59},"end":{"line":85,"column":1}},"line":66},"13":{"name":"(anonymous_13)","decl":{"start":{"line":67,"column":9},"end":{"line":67,"column":10}},"loc":{"start":{"line":67,"column":21},"end":{"line":84,"column":3}},"line":67},"14":{"name":"(anonymous_14)","decl":{"start":{"line":72,"column":11},"end":{"line":72,"column":12}},"loc":{"start":{"line":72,"column":23},"end":{"line":77,"column":7}},"line":72},"15":{"name":"(anonymous_15)","decl":{"start":{"line":78,"column":12},"end":{"line":78,"column":13}},"loc":{"start":{"line":78,"column":21},"end":{"line":80,"column":7}},"line":78}},"branchMap":{"0":{"loc":{"start":{"line":3,"column":146},"end":{"line":3,"column":362}},"type":"if","locations":[{"start":{"line":3,"column":146},"end":{"line":3,"column":362}},{"start":{"line":3,"column":146},"end":{"line":3,"column":362}}],"line":3},"1":{"loc":{"start":{"line":3,"column":150},"end":{"line":3,"column":171}},"type":"binary-expr","locations":[{"start":{"line":3,"column":150},"end":{"line":3,"column":153}},{"start":{"line":3,"column":157},"end":{"line":3,"column":171}}],"line":3},"2":{"loc":{"start":{"line":3,"column":209},"end":{"line":3,"column":326}},"type":"if","locations":[{"start":{"line":3,"column":209},"end":{"line":3,"column":326}},{"start":{"line":3,"column":209},"end":{"line":3,"column":326}}],"line":3},"3":{"loc":{"start":{"line":3,"column":249},"end":{"line":3,"column":324}},"type":"if","locations":[{"start":{"line":3,"column":249},"end":{"line":3,"column":324}},{"start":{"line":3,"column":249},"end":{"line":3,"column":324}}],"line":3},"4":{"loc":{"start":{"line":3,"column":408},"end":{"line":3,"column":454}},"type":"cond-expr","locations":[{"start":{"line":3,"column":432},"end":{"line":3,"column":435}},{"start":{"line":3,"column":438},"end":{"line":3,"column":454}}],"line":3},"5":{"loc":{"start":{"line":3,"column":408},"end":{"line":3,"column":429}},"type":"binary-expr","locations":[{"start":{"line":3,"column":408},"end":{"line":3,"column":411}},{"start":{"line":3,"column":415},"end":{"line":3,"column":429}}],"line":3},"6":{"loc":{"start":{"line":10,"column":4},"end":{"line":16,"column":5}},"type":"if","locations":[{"start":{"line":10,"column":4},"end":{"line":16,"column":5}},{"start":{"line":10,"column":4},"end":{"line":16,"column":5}}],"line":10},"7":{"loc":{"start":{"line":12,"column":11},"end":{"line":16,"column":5}},"type":"if","locations":[{"start":{"line":12,"column":11},"end":{"line":16,"column":5}},{"start":{"line":12,"column":11},"end":{"line":16,"column":5}}],"line":12},"8":{"loc":{"start":{"line":21,"column":2},"end":{"line":32,"column":3}},"type":"if","locations":[{"start":{"line":21,"column":2},"end":{"line":32,"column":3}},{"start":{"line":21,"column":2},"end":{"line":32,"column":3}}],"line":21},"9":{"loc":{"start":{"line":43,"column":4},"end":{"line":43,"column":76}},"type":"if","locations":[{"start":{"line":43,"column":4},"end":{"line":43,"column":76}},{"start":{"line":43,"column":4},"end":{"line":43,"column":76}}],"line":43},"10":{"loc":{"start":{"line":68,"column":4},"end":{"line":83,"column":5}},"type":"if","locations":[{"start":{"line":68,"column":4},"end":{"line":83,"column":5}},{"start":{"line":68,"column":4},"end":{"line":83,"column":5}}],"line":68},"11":{"loc":{"start":{"line":79,"column":8},"end":{"line":79,"column":71}},"type":"if","locations":[{"start":{"line":79,"column":8},"end":{"line":79,"column":71}},{"start":{"line":79,"column":8},"end":{"line":79,"column":71}}],"line":79}},"s":{"0":0,"1":0,"2":0,"3":0,"4":0,"5":0,"6":0,"7":0,"8":0,"9":0,"10":0,"11":0,"12":0,"13":0,"14":0,"15":0,"16":0,"17":0,"18":0,"19":0,"20":0,"21":0,"22":0,"23":0,"24":0,"25":0,"26":0,"27":0,"28":0,"29":0,"30":0,"31":0,"32":0,"33":0,"34":0,"35":0,"36":0,"37":0,"38":0,"39":0,"40":0,"41":0,"42":0,"43":0,"44":0,"45":0,"46":0,"47":0,"48":0,"49":0,"50":0,"51":0,"52":0,"53":0,"54":0,"55":0},"f":{"0":0,"1":0,"2":0,"3":0,"4":0,"5":0,"6":0,"7":0,"8":0,"9":0,"10":0,"11":0,"12":0,"13":0,"14":0,"15":0},"b":{"0":[0,0],"1":[0,0],"2":[0,0],"3":[0,0],"4":[0,0],"5":[0,0],"6":[0,0],"7":[0,0],"8":[0,0],"9":[0,0],"10":[0,0],"11":[0,0]}}
,"/Users/ryanpalo/projects/flasher/client/src/components/dashboard.js": {"path":"/Users/ryanpalo/projects/flasher/client/src/components/dashboard.js","statementMap":{"0":{"start":{"line":1,"column":13},"end":{"line":1,"column":75}},"1":{"start":{"line":1,"column":94},"end":{"line":1,"column":163}},"2":{"start":{"line":1,"column":177},"end":{"line":1,"column":193}},"3":{"start":{"line":1,"column":208},"end":{"line":1,"column":238}},"4":{"start":{"line":2,"column":18},"end":{"line":2,"column":40}},"5":{"start":{"line":3,"column":12},"end":{"line":3,"column":44}},"6":{"start":{"line":3,"column":58},"end":{"line":3,"column":87}},"7":{"start":{"line":4,"column":14},"end":{"line":4,"column":56}},"8":{"start":{"line":4,"column":72},"end":{"line":4,"column":103}},"9":{"start":{"line":4,"column":142},"end":{"line":4,"column":196}},"10":{"start":{"line":9,"column":4},"end":{"line":12,"column":180}},"11":{"start":{"line":19,"column":2},"end":{"line":22,"column":28}},"12":{"start":{"line":24,"column":1},"end":{"line":26,"column":53}}},"fnMap":{"0":{"name":"_interopRequireDefault","decl":{"start":{"line":4,"column":113},"end":{"line":4,"column":135}},"loc":{"start":{"line":4,"column":141},"end":{"line":4,"column":197}},"line":4},"1":{"name":"(anonymous_1)","decl":{"start":{"line":8,"column":2},"end":{"line":8,"column":3}},"loc":{"start":{"line":8,"column":11},"end":{"line":15,"column":3}},"line":8},"2":{"name":"mapStateToProps","decl":{"start":{"line":18,"column":9},"end":{"line":18,"column":24}},"loc":{"start":{"line":18,"column":32},"end":{"line":24,"column":1}},"line":18}},"branchMap":{"0":{"loc":{"start":{"line":4,"column":149},"end":{"line":4,"column":195}},"type":"cond-expr","locations":[{"start":{"line":4,"column":173},"end":{"line":4,"column":176}},{"start":{"line":4,"column":179},"end":{"line":4,"column":195}}],"line":4},"1":{"loc":{"start":{"line":4,"column":149},"end":{"line":4,"column":170}},"type":"binary-expr","locations":[{"start":{"line":4,"column":149},"end":{"line":4,"column":152}},{"start":{"line":4,"column":156},"end":{"line":4,"column":170}}],"line":4},"2":{"loc":{"start":{"line":12,"column":8},"end":{"line":12,"column":177}},"type":"cond-expr","locations":[{"start":{"line":12,"column":26},"end":{"line":12,"column":172}},{"start":{"line":12,"column":175},"end":{"line":12,"column":177}}],"line":12}},"s":{"0":0,"1":0,"2":0,"3":0,"4":0,"5":0,"6":0,"7":0,"8":0,"9":0,"10":0,"11":0,"12":0},"f":{"0":0,"1":0,"2":0},"b":{"0":[0,0],"1":[0,0],"2":[0,0]}}
,"/Users/ryanpalo/projects/flasher/client/src/components/layout.js": {"path":"/Users/ryanpalo/projects/flasher/client/src/components/layout.js","statementMap":{"0":{"start":{"line":1,"column":13},"end":{"line":1,"column":75}},"1":{"start":{"line":1,"column":94},"end":{"line":1,"column":160}},"2":{"start":{"line":1,"column":174},"end":{"line":1,"column":190}},"3":{"start":{"line":1,"column":205},"end":{"line":1,"column":235}},"4":{"start":{"line":3,"column":23},"end":{"line":3,"column":51}},"5":{"start":{"line":4,"column":14},"end":{"line":4,"column":57}},"6":{"start":{"line":4,"column":73},"end":{"line":4,"column":104}},"7":{"start":{"line":5,"column":14},"end":{"line":5,"column":56}},"8":{"start":{"line":5,"column":72},"end":{"line":5,"column":103}},"9":{"start":{"line":6,"column":14},"end":{"line":6,"column":56}},"10":{"start":{"line":6,"column":72},"end":{"line":6,"column":103}},"11":{"start":{"line":7,"column":13},"end":{"line":7,"column":54}},"12":{"start":{"line":7,"column":69},"end":{"line":7,"column":99}},"13":{"start":{"line":8,"column":18},"end":{"line":8,"column":57}},"14":{"start":{"line":8,"column":77},"end":{"line":8,"column":112}},"15":{"start":{"line":9,"column":18},"end":{"line":9,"column":40}},"16":{"start":{"line":10,"column":24},"end":{"line":10,"column":53}},"17":{"start":{"line":11,"column":22},"end":{"line":11,"column":49}},"18":{"start":{"line":13,"column":13},"end":{"line":13,"column":46}},"19":{"start":{"line":13,"column":61},"end":{"line":13,"column":91}},"20":{"start":{"line":14,"column":0},"end":{"line":14,"column":28}},"21":{"start":{"line":15,"column":21},"end":{"line":15,"column":63}},"22":{"start":{"line":15,"column":86},"end":{"line":15,"column":124}},"23":{"start":{"line":16,"column":0},"end":{"line":16,"column":38}},"24":{"start":{"line":17,"column":13},"end":{"line":17,"column":32}},"25":{"start":{"line":17,"column":47},"end":{"line":17,"column":77}},"26":{"start":{"line":18,"column":20},"end":{"line":18,"column":54}},"27":{"start":{"line":18,"column":93},"end":{"line":18,"column":147}},"28":{"start":{"line":21,"column":87},"end":{"line":23,"column":56}},"29":{"start":{"line":22,"column":28},"end":{"line":22,"column":86}},"30":{"start":{"line":23,"column":25},"end":{"line":23,"column":48}},"31":{"start":{"line":26,"column":36},"end":{"line":26,"column":46}},"32":{"start":{"line":27,"column":4},"end":{"line":40,"column":16}},"33":{"start":{"line":48,"column":24},"end":{"line":51,"column":26}},"34":{"start":{"line":49,"column":0},"end":{"line":51,"column":25}},"35":{"start":{"line":55,"column":31},"end":{"line":55,"column":129}},"36":{"start":{"line":55,"column":130},"end":{"line":66,"column":36}},"37":{"start":{"line":58,"column":0},"end":{"line":66,"column":35}}},"fnMap":{"0":{"name":"_interopRequireDefault","decl":{"start":{"line":18,"column":64},"end":{"line":18,"column":86}},"loc":{"start":{"line":18,"column":92},"end":{"line":18,"column":148}},"line":18},"1":{"name":"(anonymous_1)","decl":{"start":{"line":21,"column":55},"end":{"line":21,"column":56}},"loc":{"start":{"line":21,"column":76},"end":{"line":23,"column":57}},"line":21},"2":{"name":"(anonymous_2)","decl":{"start":{"line":22,"column":22},"end":{"line":22,"column":23}},"loc":{"start":{"line":22,"column":28},"end":{"line":22,"column":86}},"line":22},"3":{"name":"(anonymous_3)","decl":{"start":{"line":23,"column":19},"end":{"line":23,"column":20}},"loc":{"start":{"line":23,"column":25},"end":{"line":23,"column":48}},"line":23},"4":{"name":"(anonymous_4)","decl":{"start":{"line":25,"column":2},"end":{"line":25,"column":3}},"loc":{"start":{"line":25,"column":11},"end":{"line":45,"column":3}},"line":25},"5":{"name":"(anonymous_5)","decl":{"start":{"line":48,"column":24},"end":{"line":48,"column":25}},"loc":{"start":{"line":49,"column":0},"end":{"line":51,"column":25}},"line":49},"6":{"name":"(anonymous_6)","decl":{"start":{"line":57,"column":0},"end":{"line":57,"column":1}},"loc":{"start":{"line":58,"column":0},"end":{"line":66,"column":35}},"line":58}},"branchMap":{"0":{"loc":{"start":{"line":18,"column":100},"end":{"line":18,"column":146}},"type":"cond-expr","locations":[{"start":{"line":18,"column":124},"end":{"line":18,"column":127}},{"start":{"line":18,"column":130},"end":{"line":18,"column":146}}],"line":18},"1":{"loc":{"start":{"line":18,"column":100},"end":{"line":18,"column":121}},"type":"binary-expr","locations":[{"start":{"line":18,"column":100},"end":{"line":18,"column":103}},{"start":{"line":18,"column":107},"end":{"line":18,"column":121}}],"line":18},"2":{"loc":{"start":{"line":33,"column":8},"end":{"line":33,"column":171}},"type":"cond-expr","locations":[{"start":{"line":33,"column":24},"end":{"line":33,"column":166}},{"start":{"line":33,"column":169},"end":{"line":33,"column":171}}],"line":33},"3":{"loc":{"start":{"line":35,"column":10},"end":{"line":40,"column":12}},"type":"cond-expr","locations":[{"start":{"line":36,"column":10},"end":{"line":38,"column":206}},{"start":{"line":40,"column":10},"end":{"line":40,"column":12}}],"line":35}},"s":{"0":0,"1":0,"2":0,"3":0,"4":0,"5":0,"6":0,"7":0,"8":0,"9":0,"10":0,"11":0,"12":0,"13":0,"14":0,"15":0,"16":0,"17":0,"18":0,"19":0,"20":0,"21":0,"22":0,"23":0,"24":0,"25":0,"26":0,"27":0,"28":0,"29":0,"30":0,"31":0,"32":0,"33":0,"34":0,"35":0,"36":0,"37":0},"f":{"0":0,"1":0,"2":0,"3":0,"4":0,"5":0,"6":0},"b":{"0":[0,0],"1":[0,0],"2":[0,0],"3":[0,0]}}
,"/Users/ryanpalo/projects/flasher/client/src/components/auth/login.js": {"path":"/Users/ryanpalo/projects/flasher/client/src/components/auth/login.js","statementMap":{"0":{"start":{"line":1,"column":13},"end":{"line":1,"column":75}},"1":{"start":{"line":1,"column":94},"end":{"line":1,"column":164}},"2":{"start":{"line":1,"column":178},"end":{"line":1,"column":194}},"3":{"start":{"line":1,"column":209},"end":{"line":1,"column":239}},"4":{"start":{"line":2,"column":23},"end":{"line":2,"column":51}},"5":{"start":{"line":3,"column":18},"end":{"line":3,"column":40}},"6":{"start":{"line":4,"column":17},"end":{"line":4,"column":38}},"7":{"start":{"line":5,"column":20},"end":{"line":5,"column":57}},"8":{"start":{"line":6,"column":14},"end":{"line":6,"column":49}},"9":{"start":{"line":7,"column":13},"end":{"line":7,"column":53}},"10":{"start":{"line":7,"column":68},"end":{"line":7,"column":98}},"11":{"start":{"line":7,"column":137},"end":{"line":7,"column":191}},"12":{"start":{"line":10,"column":20},"end":{"line":10,"column":184}},"13":{"start":{"line":10,"column":29},"end":{"line":10,"column":184}},"14":{"start":{"line":15,"column":4},"end":{"line":15,"column":56}},"15":{"start":{"line":18,"column":4},"end":{"line":24,"column":5}},"16":{"start":{"line":19,"column":6},"end":{"line":21,"column":275}},"17":{"start":{"line":28,"column":36},"end":{"line":28,"column":46}},"18":{"start":{"line":30,"column":4},"end":{"line":61,"column":219}},"19":{"start":{"line":71,"column":13},"end":{"line":72,"column":18}},"20":{"start":{"line":76,"column":2},"end":{"line":79,"column":46}},"21":{"start":{"line":81,"column":1},"end":{"line":83,"column":133}}},"fnMap":{"0":{"name":"_interopRequireDefault","decl":{"start":{"line":7,"column":108},"end":{"line":7,"column":130}},"loc":{"start":{"line":7,"column":136},"end":{"line":7,"column":192}},"line":7},"1":{"name":"(anonymous_1)","decl":{"start":{"line":10,"column":20},"end":{"line":10,"column":21}},"loc":{"start":{"line":10,"column":29},"end":{"line":10,"column":184}},"line":10},"2":{"name":"(anonymous_2)","decl":{"start":{"line":14,"column":2},"end":{"line":14,"column":3}},"loc":{"start":{"line":14,"column":30},"end":{"line":16,"column":3}},"line":14},"3":{"name":"(anonymous_3)","decl":{"start":{"line":17,"column":2},"end":{"line":17,"column":3}},"loc":{"start":{"line":17,"column":16},"end":{"line":25,"column":3}},"line":17},"4":{"name":"(anonymous_4)","decl":{"start":{"line":27,"column":2},"end":{"line":27,"column":3}},"loc":{"start":{"line":27,"column":11},"end":{"line":68,"column":3}},"line":27},"5":{"name":"mapStateToProps","decl":{"start":{"line":75,"column":9},"end":{"line":75,"column":24}},"loc":{"start":{"line":75,"column":32},"end":{"line":81,"column":1}},"line":75}},"branchMap":{"0":{"loc":{"start":{"line":7,"column":144},"end":{"line":7,"column":190}},"type":"cond-expr","locations":[{"start":{"line":7,"column":168},"end":{"line":7,"column":171}},{"start":{"line":7,"column":174},"end":{"line":7,"column":190}}],"line":7},"1":{"loc":{"start":{"line":7,"column":144},"end":{"line":7,"column":165}},"type":"binary-expr","locations":[{"start":{"line":7,"column":144},"end":{"line":7,"column":147}},{"start":{"line":7,"column":151},"end":{"line":7,"column":165}}],"line":7},"2":{"loc":{"start":{"line":18,"column":4},"end":{"line":24,"column":5}},"type":"if","locations":[{"start":{"line":18,"column":4},"end":{"line":24,"column":5}},{"start":{"line":18,"column":4},"end":{"line":24,"column":5}}],"line":18},"3":{"loc":{"start":{"line":34,"column":10},"end":{"line":34,"column":291}},"type":"cond-expr","locations":[{"start":{"line":34,"column":37},"end":{"line":34,"column":165}},{"start":{"line":34,"column":168},"end":{"line":34,"column":291}}],"line":34}},"s":{"0":0,"1":0,"2":0,"3":0,"4":0,"5":0,"6":0,"7":0,"8":0,"9":0,"10":0,"11":0,"12":0,"13":0,"14":0,"15":0,"16":0,"17":0,"18":0,"19":0,"20":0,"21":0},"f":{"0":0,"1":0,"2":0,"3":0,"4":0,"5":0},"b":{"0":[0,0],"1":[0,0],"2":[0,0],"3":[0,0]}}
,"/Users/ryanpalo/projects/flasher/client/src/components/auth/register.js": {"path":"/Users/ryanpalo/projects/flasher/client/src/components/auth/register.js","statementMap":{"0":{"start":{"line":1,"column":13},"end":{"line":1,"column":75}},"1":{"start":{"line":1,"column":94},"end":{"line":1,"column":167}},"2":{"start":{"line":1,"column":181},"end":{"line":1,"column":197}},"3":{"start":{"line":1,"column":212},"end":{"line":1,"column":242}},"4":{"start":{"line":2,"column":23},"end":{"line":2,"column":51}},"5":{"start":{"line":3,"column":14},"end":{"line":3,"column":56}},"6":{"start":{"line":3,"column":72},"end":{"line":3,"column":103}},"7":{"start":{"line":5,"column":18},"end":{"line":5,"column":40}},"8":{"start":{"line":6,"column":17},"end":{"line":6,"column":38}},"9":{"start":{"line":7,"column":20},"end":{"line":7,"column":57}},"10":{"start":{"line":7,"column":96},"end":{"line":7,"column":150}},"11":{"start":{"line":9,"column":13},"end":{"line":11,"column":13}},"12":{"start":{"line":14,"column":20},"end":{"line":17,"column":181}},"13":{"start":{"line":15,"column":0},"end":{"line":17,"column":181}},"14":{"start":{"line":22,"column":17},"end":{"line":22,"column":19}},"15":{"start":{"line":24,"column":2},"end":{"line":26,"column":3}},"16":{"start":{"line":25,"column":4},"end":{"line":25,"column":51}},"17":{"start":{"line":28,"column":2},"end":{"line":30,"column":3}},"18":{"start":{"line":29,"column":4},"end":{"line":29,"column":49}},"19":{"start":{"line":32,"column":2},"end":{"line":34,"column":3}},"20":{"start":{"line":33,"column":4},"end":{"line":33,"column":43}},"21":{"start":{"line":36,"column":2},"end":{"line":38,"column":3}},"22":{"start":{"line":37,"column":4},"end":{"line":37,"column":48}},"23":{"start":{"line":40,"column":2},"end":{"line":40,"column":16}},"24":{"start":{"line":45,"column":4},"end":{"line":45,"column":39}},"25":{"start":{"line":49,"column":4},"end":{"line":55,"column":5}},"26":{"start":{"line":50,"column":6},"end":{"line":52,"column":275}},"27":{"start":{"line":59,"column":29},"end":{"line":59,"column":39}},"28":{"start":{"line":61,"column":4},"end":{"line":90,"column":193}},"29":{"start":{"line":99,"column":2},"end":{"line":101,"column":34}},"30":{"start":{"line":103,"column":1},"end":{"line":105,"column":104}}},"fnMap":{"0":{"name":"_interopRequireDefault","decl":{"start":{"line":7,"column":67},"end":{"line":7,"column":89}},"loc":{"start":{"line":7,"column":95},"end":{"line":7,"column":151}},"line":7},"1":{"name":"(anonymous_1)","decl":{"start":{"line":14,"column":20},"end":{"line":14,"column":21}},"loc":{"start":{"line":15,"column":0},"end":{"line":17,"column":181}},"line":15},"2":{"name":"validate","decl":{"start":{"line":21,"column":9},"end":{"line":21,"column":17}},"loc":{"start":{"line":21,"column":29},"end":{"line":41,"column":1}},"line":21},"3":{"name":"(anonymous_3)","decl":{"start":{"line":44,"column":2},"end":{"line":44,"column":3}},"loc":{"start":{"line":44,"column":30},"end":{"line":46,"column":3}},"line":44},"4":{"name":"(anonymous_4)","decl":{"start":{"line":48,"column":2},"end":{"line":48,"column":3}},"loc":{"start":{"line":48,"column":16},"end":{"line":56,"column":3}},"line":48},"5":{"name":"(anonymous_5)","decl":{"start":{"line":58,"column":2},"end":{"line":58,"column":3}},"loc":{"start":{"line":58,"column":11},"end":{"line":95,"column":3}},"line":58},"6":{"name":"mapStateToProps","decl":{"start":{"line":98,"column":9},"end":{"line":98,"column":24}},"loc":{"start":{"line":98,"column":32},"end":{"line":103,"column":1}},"line":98}},"branchMap":{"0":{"loc":{"start":{"line":7,"column":103},"end":{"line":7,"column":149}},"type":"cond-expr","locations":[{"start":{"line":7,"column":127},"end":{"line":7,"column":130}},{"start":{"line":7,"column":133},"end":{"line":7,"column":149}}],"line":7},"1":{"loc":{"start":{"line":7,"column":103},"end":{"line":7,"column":124}},"type":"binary-expr","locations":[{"start":{"line":7,"column":103},"end":{"line":7,"column":106}},{"start":{"line":7,"column":110},"end":{"line":7,"column":124}}],"line":7},"2":{"loc":{"start":{"line":17,"column":2},"end":{"line":17,"column":180}},"type":"binary-expr","locations":[{"start":{"line":17,"column":2},"end":{"line":17,"column":15}},{"start":{"line":17,"column":19},"end":{"line":17,"column":30}},{"start":{"line":17,"column":34},"end":{"line":17,"column":180}}],"line":17},"3":{"loc":{"start":{"line":24,"column":2},"end":{"line":26,"column":3}},"type":"if","locations":[{"start":{"line":24,"column":2},"end":{"line":26,"column":3}},{"start":{"line":24,"column":2},"end":{"line":26,"column":3}}],"line":24},"4":{"loc":{"start":{"line":28,"column":2},"end":{"line":30,"column":3}},"type":"if","locations":[{"start":{"line":28,"column":2},"end":{"line":30,"column":3}},{"start":{"line":28,"column":2},"end":{"line":30,"column":3}}],"line":28},"5":{"loc":{"start":{"line":32,"column":2},"end":{"line":34,"column":3}},"type":"if","locations":[{"start":{"line":32,"column":2},"end":{"line":34,"column":3}},{"start":{"line":32,"column":2},"end":{"line":34,"column":3}}],"line":32},"6":{"loc":{"start":{"line":36,"column":2},"end":{"line":38,"column":3}},"type":"if","locations":[{"start":{"line":36,"column":2},"end":{"line":38,"column":3}},{"start":{"line":36,"column":2},"end":{"line":38,"column":3}}],"line":36},"7":{"loc":{"start":{"line":49,"column":4},"end":{"line":55,"column":5}},"type":"if","locations":[{"start":{"line":49,"column":4},"end":{"line":55,"column":5}},{"start":{"line":49,"column":4},"end":{"line":55,"column":5}}],"line":49}},"s":{"0":0,"1":0,"2":0,"3":0,"4":0,"5":0,"6":0,"7":0,"8":0,"9":0,"10":0,"11":0,"12":0,"13":0,"14":0,"15":0,"16":0,"17":0,"18":0,"19":0,"20":0,"21":0,"22":0,"23":0,"24":0,"25":0,"26":0,"27":0,"28":0,"29":0,"30":0},"f":{"0":0,"1":0,"2":0,"3":0,"4":0,"5":0,"6":0},"b":{"0":[0,0],"1":[0,0],"2":[0,0,0],"3":[0,0],"4":[0,0],"5":[0,0],"6":[0,0],"7":[0,0]}}
,"/Users/ryanpalo/projects/flasher/client/src/components/auth/require-auth.js": {"path":"/Users/ryanpalo/projects/flasher/client/src/components/auth/require-auth.js","statementMap":{"0":{"start":{"line":1,"column":13},"end":{"line":1,"column":75}},"1":{"start":{"line":1,"column":94},"end":{"line":1,"column":171}},"2":{"start":{"line":1,"column":172},"end":{"line":34,"column":2}},"3":{"start":{"line":17,"column":6},"end":{"line":19,"column":7}},"4":{"start":{"line":18,"column":8},"end":{"line":18,"column":34}},"5":{"start":{"line":23,"column":6},"end":{"line":23,"column":165}},"6":{"start":{"line":28,"column":4},"end":{"line":29,"column":48}},"7":{"start":{"line":33,"column":2},"end":{"line":33,"column":85}},"8":{"start":{"line":34,"column":15},"end":{"line":34,"column":31}},"9":{"start":{"line":34,"column":46},"end":{"line":34,"column":76}},"10":{"start":{"line":34,"column":95},"end":{"line":34,"column":117}},"11":{"start":{"line":34,"column":142},"end":{"line":34,"column":171}},"12":{"start":{"line":34,"column":210},"end":{"line":34,"column":264}},"13":{"start":{"line":34,"column":286},"end":{"line":34,"column":351}},"14":{"start":{"line":34,"column":292},"end":{"line":34,"column":351}},"15":{"start":{"line":34,"column":304},"end":{"line":34,"column":351}}},"fnMap":{"0":{"name":"(anonymous_0)","decl":{"start":{"line":13,"column":0},"end":{"line":13,"column":1}},"loc":{"start":{"line":13,"column":29},"end":{"line":34,"column":1}},"line":13},"1":{"name":"(anonymous_1)","decl":{"start":{"line":16,"column":4},"end":{"line":16,"column":5}},"loc":{"start":{"line":16,"column":25},"end":{"line":20,"column":5}},"line":16},"2":{"name":"(anonymous_2)","decl":{"start":{"line":22,"column":4},"end":{"line":22,"column":5}},"loc":{"start":{"line":22,"column":13},"end":{"line":24,"column":5}},"line":22},"3":{"name":"mapStateToProps","decl":{"start":{"line":27,"column":11},"end":{"line":27,"column":26}},"loc":{"start":{"line":27,"column":34},"end":{"line":31,"column":3}},"line":27},"4":{"name":"_interopRequireDefault","decl":{"start":{"line":34,"column":181},"end":{"line":34,"column":203}},"loc":{"start":{"line":34,"column":209},"end":{"line":34,"column":265}},"line":34},"5":{"name":"(anonymous_5)","decl":{"start":{"line":34,"column":286},"end":{"line":34,"column":287}},"loc":{"start":{"line":34,"column":292},"end":{"line":34,"column":351}},"line":34},"6":{"name":"(anonymous_6)","decl":{"start":{"line":34,"column":292},"end":{"line":34,"column":293}},"loc":{"start":{"line":34,"column":304},"end":{"line":34,"column":351}},"line":34}},"branchMap":{"0":{"loc":{"start":{"line":17,"column":6},"end":{"line":19,"column":7}},"type":"if","locations":[{"start":{"line":17,"column":6},"end":{"line":19,"column":7}},{"start":{"line":17,"column":6},"end":{"line":19,"column":7}}],"line":17},"1":{"loc":{"start":{"line":34,"column":217},"end":{"line":34,"column":263}},"type":"cond-expr","locations":[{"start":{"line":34,"column":241},"end":{"line":34,"column":244}},{"start":{"line":34,"column":247},"end":{"line":34,"column":263}}],"line":34},"2":{"loc":{"start":{"line":34,"column":217},"end":{"line":34,"column":238}},"type":"binary-expr","locations":[{"start":{"line":34,"column":217},"end":{"line":34,"column":220}},{"start":{"line":34,"column":224},"end":{"line":34,"column":238}}],"line":34}},"s":{"0":0,"1":0,"2":0,"3":0,"4":0,"5":0,"6":0,"7":0,"8":0,"9":0,"10":0,"11":0,"12":0,"13":0,"14":0,"15":0},"f":{"0":0,"1":0,"2":0,"3":0,"4":0,"5":0,"6":0},"b":{"0":[0,0],"1":[0,0],"2":[0,0]}}
,"/Users/ryanpalo/projects/flasher/client/src/components/buttons/index.js": {"path":"/Users/ryanpalo/projects/flasher/client/src/components/buttons/index.js","statementMap":{"0":{"start":{"line":8,"column":29},"end":{"line":10,"column":1}},"1":{"start":{"line":9,"column":2},"end":{"line":9,"column":55}},"2":{"start":{"line":12,"column":27},"end":{"line":14,"column":1}},"3":{"start":{"line":13,"column":2},"end":{"line":13,"column":56}}},"fnMap":{"0":{"name":"(anonymous_0)","decl":{"start":{"line":8,"column":29},"end":{"line":8,"column":30}},"loc":{"start":{"line":9,"column":2},"end":{"line":9,"column":55}},"line":9},"1":{"name":"(anonymous_1)","decl":{"start":{"line":12,"column":27},"end":{"line":12,"column":28}},"loc":{"start":{"line":13,"column":2},"end":{"line":13,"column":56}},"line":13}},"branchMap":{},"s":{"0":1,"1":1,"2":1,"3":1},"f":{"0":1,"1":1},"b":{},"_coverageSchema":"332fd63041d2c1bcb487cc26dd0d5f7d97098a6c","hash":"a20ed52d132177e2069b3c7f2ac7dedc87336db8"}
,"/Users/ryanpalo/projects/flasher/client/src/components/card/editCard.js": {"path":"/Users/ryanpalo/projects/flasher/client/src/components/card/editCard.js","statementMap":{"0":{"start":{"line":11,"column":20},"end":{"line":11,"column":63}},"1":{"start":{"line":11,"column":37},"end":{"line":11,"column":63}},"2":{"start":{"line":13,"column":23},"end":{"line":19,"column":1}},"3":{"start":{"line":14,"column":2},"end":{"line":18,"column":4}},"4":{"start":{"line":23,"column":4},"end":{"line":23,"column":76}},"5":{"start":{"line":24,"column":4},"end":{"line":24,"column":27}},"6":{"start":{"line":28,"column":64},"end":{"line":28,"column":74}},"7":{"start":{"line":30,"column":4},"end":{"line":80,"column":5}},"8":{"start":{"line":84,"column":13},"end":{"line":86,"column":2}},"9":{"start":{"line":89,"column":2},"end":{"line":97,"column":4}}},"fnMap":{"0":{"name":"(anonymous_0)","decl":{"start":{"line":11,"column":20},"end":{"line":11,"column":21}},"loc":{"start":{"line":11,"column":37},"end":{"line":11,"column":63}},"line":11},"1":{"name":"(anonymous_1)","decl":{"start":{"line":13,"column":23},"end":{"line":13,"column":24}},"loc":{"start":{"line":14,"column":2},"end":{"line":18,"column":4}},"line":14},"2":{"name":"(anonymous_2)","decl":{"start":{"line":22,"column":21},"end":{"line":22,"column":22}},"loc":{"start":{"line":22,"column":36},"end":{"line":25,"column":3}},"line":22},"3":{"name":"(anonymous_3)","decl":{"start":{"line":27,"column":2},"end":{"line":27,"column":3}},"loc":{"start":{"line":27,"column":11},"end":{"line":81,"column":3}},"line":27},"4":{"name":"mapStateToProps","decl":{"start":{"line":88,"column":9},"end":{"line":88,"column":24}},"loc":{"start":{"line":88,"column":42},"end":{"line":98,"column":1}},"line":88}},"branchMap":{"0":{"loc":{"start":{"line":35,"column":15},"end":{"line":35,"column":74}},"type":"cond-expr","locations":[{"start":{"line":35,"column":38},"end":{"line":35,"column":69}},{"start":{"line":35,"column":72},"end":{"line":35,"column":74}}],"line":35}},"s":{"0":1,"1":0,"2":1,"3":0,"4":0,"5":0,"6":0,"7":0,"8":1,"9":0},"f":{"0":0,"1":0,"2":0,"3":0,"4":0},"b":{"0":[0,0]},"_coverageSchema":"332fd63041d2c1bcb487cc26dd0d5f7d97098a6c","hash":"16903b13ca708dae2532eda15a7d496e8c58fe8f"}
,"/Users/ryanpalo/projects/flasher/client/src/components/card/flashcard.js": {"path":"/Users/ryanpalo/projects/flasher/client/src/components/card/flashcard.js","statementMap":{"0":{"start":{"line":16,"column":74},"end":{"line":16,"column":84}},"1":{"start":{"line":17,"column":4},"end":{"line":32,"column":5}},"2":{"start":{"line":21,"column":11},"end":{"line":28,"column":19}},"3":{"start":{"line":24,"column":33},"end":{"line":24,"column":62}},"4":{"start":{"line":25,"column":56},"end":{"line":25,"column":100}},"5":{"start":{"line":26,"column":59},"end":{"line":26,"column":101}},"6":{"start":{"line":36,"column":29},"end":{"line":41,"column":1}},"7":{"start":{"line":37,"column":2},"end":{"line":40,"column":9}},"8":{"start":{"line":46,"column":4},"end":{"line":46,"column":11}},"9":{"start":{"line":47,"column":4},"end":{"line":49,"column":5}},"10":{"start":{"line":52,"column":4},"end":{"line":52,"column":43}},"11":{"start":{"line":55,"column":59},"end":{"line":55,"column":69}},"12":{"start":{"line":56,"column":4},"end":{"line":68,"column":5}},"13":{"start":{"line":58,"column":67},"end":{"line":58,"column":84}},"14":{"start":{"line":73,"column":24},"end":{"line":79,"column":1}},"15":{"start":{"line":74,"column":2},"end":{"line":78,"column":3}}},"fnMap":{"0":{"name":"(anonymous_0)","decl":{"start":{"line":15,"column":2},"end":{"line":15,"column":3}},"loc":{"start":{"line":15,"column":10},"end":{"line":33,"column":3}},"line":15},"1":{"name":"(anonymous_1)","decl":{"start":{"line":20,"column":23},"end":{"line":20,"column":24}},"loc":{"start":{"line":21,"column":11},"end":{"line":28,"column":19}},"line":21},"2":{"name":"(anonymous_2)","decl":{"start":{"line":24,"column":27},"end":{"line":24,"column":28}},"loc":{"start":{"line":24,"column":33},"end":{"line":24,"column":62}},"line":24},"3":{"name":"(anonymous_3)","decl":{"start":{"line":25,"column":50},"end":{"line":25,"column":51}},"loc":{"start":{"line":25,"column":56},"end":{"line":25,"column":100}},"line":25},"4":{"name":"(anonymous_4)","decl":{"start":{"line":26,"column":53},"end":{"line":26,"column":54}},"loc":{"start":{"line":26,"column":59},"end":{"line":26,"column":101}},"line":26},"5":{"name":"(anonymous_5)","decl":{"start":{"line":36,"column":29},"end":{"line":36,"column":30}},"loc":{"start":{"line":37,"column":2},"end":{"line":40,"column":9}},"line":37},"6":{"name":"(anonymous_6)","decl":{"start":{"line":45,"column":2},"end":{"line":45,"column":3}},"loc":{"start":{"line":45,"column":15},"end":{"line":50,"column":3}},"line":45},"7":{"name":"(anonymous_7)","decl":{"start":{"line":51,"column":15},"end":{"line":51,"column":16}},"loc":{"start":{"line":51,"column":21},"end":{"line":53,"column":3}},"line":51},"8":{"name":"(anonymous_8)","decl":{"start":{"line":54,"column":2},"end":{"line":54,"column":3}},"loc":{"start":{"line":54,"column":11},"end":{"line":69,"column":3}},"line":54},"9":{"name":"(anonymous_9)","decl":{"start":{"line":58,"column":61},"end":{"line":58,"column":62}},"loc":{"start":{"line":58,"column":67},"end":{"line":58,"column":84}},"line":58},"10":{"name":"(anonymous_10)","decl":{"start":{"line":73,"column":24},"end":{"line":73,"column":25}},"loc":{"start":{"line":73,"column":35},"end":{"line":79,"column":1}},"line":73}},"branchMap":{"0":{"loc":{"start":{"line":21,"column":11},"end":{"line":28,"column":19}},"type":"cond-expr","locations":[{"start":{"line":22,"column":12},"end":{"line":28,"column":14}},{"start":{"line":28,"column":17},"end":{"line":28,"column":19}}],"line":21},"1":{"loc":{"start":{"line":25,"column":26},"end":{"line":25,"column":105}},"type":"cond-expr","locations":[{"start":{"line":25,"column":50},"end":{"line":25,"column":100}},{"start":{"line":25,"column":103},"end":{"line":25,"column":105}}],"line":25},"2":{"loc":{"start":{"line":26,"column":30},"end":{"line":26,"column":106}},"type":"cond-expr","locations":[{"start":{"line":26,"column":53},"end":{"line":26,"column":101}},{"start":{"line":26,"column":104},"end":{"line":26,"column":106}}],"line":26},"3":{"loc":{"start":{"line":58,"column":9},"end":{"line":58,"column":120}},"type":"cond-expr","locations":[{"start":{"line":58,"column":27},"end":{"line":58,"column":89}},{"start":{"line":58,"column":92},"end":{"line":58,"column":120}}],"line":58},"4":{"loc":{"start":{"line":61,"column":13},"end":{"line":61,"column":86}},"type":"cond-expr","locations":[{"start":{"line":61,"column":30},"end":{"line":61,"column":81}},{"start":{"line":61,"column":84},"end":{"line":61,"column":86}}],"line":61},"5":{"loc":{"start":{"line":62,"column":13},"end":{"line":62,"column":91}},"type":"cond-expr","locations":[{"start":{"line":62,"column":31},"end":{"line":62,"column":33}},{"start":{"line":62,"column":36},"end":{"line":62,"column":91}}],"line":62},"6":{"loc":{"start":{"line":64,"column":13},"end":{"line":64,"column":74}},"type":"cond-expr","locations":[{"start":{"line":64,"column":26},"end":{"line":64,"column":69}},{"start":{"line":64,"column":72},"end":{"line":64,"column":74}}],"line":64}},"s":{"0":3,"1":3,"2":6,"3":0,"4":0,"5":0,"6":1,"7":2,"8":6,"9":6,"10":4,"11":10,"12":10,"13":0,"14":1,"15":0},"f":{"0":3,"1":6,"2":0,"3":0,"4":0,"5":2,"6":6,"7":4,"8":10,"9":0,"10":0},"b":{"0":[3,3],"1":[0,3],"2":[3,0],"3":[2,8],"4":[10,0],"5":[2,8],"6":[10,0]},"_coverageSchema":"332fd63041d2c1bcb487cc26dd0d5f7d97098a6c","hash":"c139c3f12a7717a9394e3c00f204185eac471a0a"}
,"/Users/ryanpalo/projects/flasher/client/src/components/card/index.js": {"path":"/Users/ryanpalo/projects/flasher/client/src/components/card/index.js","statementMap":{"0":{"start":{"line":1,"column":13},"end":{"line":1,"column":75}},"1":{"start":{"line":1,"column":94},"end":{"line":1,"column":164}},"2":{"start":{"line":1,"column":178},"end":{"line":1,"column":194}},"3":{"start":{"line":1,"column":209},"end":{"line":1,"column":239}},"4":{"start":{"line":2,"column":23},"end":{"line":2,"column":51}},"5":{"start":{"line":3,"column":18},"end":{"line":3,"column":40}},"6":{"start":{"line":4,"column":17},"end":{"line":4,"column":38}},"7":{"start":{"line":5,"column":19},"end":{"line":5,"column":55}},"8":{"start":{"line":6,"column":14},"end":{"line":6,"column":49}},"9":{"start":{"line":7,"column":13},"end":{"line":7,"column":53}},"10":{"start":{"line":7,"column":68},"end":{"line":7,"column":98}},"11":{"start":{"line":7,"column":137},"end":{"line":7,"column":191}},"12":{"start":{"line":10,"column":20},"end":{"line":10,"column":184}},"13":{"start":{"line":10,"column":29},"end":{"line":10,"column":184}},"14":{"start":{"line":12,"column":23},"end":{"line":16,"column":90}},"15":{"start":{"line":13,"column":0},"end":{"line":16,"column":90}},"16":{"start":{"line":20,"column":75},"end":{"line":32,"column":13}},"17":{"start":{"line":31,"column":6},"end":{"line":31,"column":60}},"18":{"start":{"line":32,"column":29},"end":{"line":32,"column":440}},"19":{"start":{"line":32,"column":59},"end":{"line":32,"column":439}},"20":{"start":{"line":35,"column":58},"end":{"line":35,"column":68}},"21":{"start":{"line":37,"column":4},"end":{"line":78,"column":233}},"22":{"start":{"line":88,"column":13},"end":{"line":89,"column":23}},"23":{"start":{"line":94,"column":2},"end":{"line":96,"column":33}},"24":{"start":{"line":98,"column":1},"end":{"line":100,"column":101}}},"fnMap":{"0":{"name":"_interopRequireDefault","decl":{"start":{"line":7,"column":108},"end":{"line":7,"column":130}},"loc":{"start":{"line":7,"column":136},"end":{"line":7,"column":192}},"line":7},"1":{"name":"(anonymous_1)","decl":{"start":{"line":10,"column":20},"end":{"line":10,"column":21}},"loc":{"start":{"line":10,"column":29},"end":{"line":10,"column":184}},"line":10},"2":{"name":"(anonymous_2)","decl":{"start":{"line":12,"column":23},"end":{"line":12,"column":24}},"loc":{"start":{"line":13,"column":0},"end":{"line":16,"column":90}},"line":13},"3":{"name":"(anonymous_3)","decl":{"start":{"line":20,"column":43},"end":{"line":20,"column":44}},"loc":{"start":{"line":20,"column":64},"end":{"line":32,"column":14}},"line":20},"4":{"name":"(anonymous_4)","decl":{"start":{"line":30,"column":23},"end":{"line":30,"column":24}},"loc":{"start":{"line":30,"column":36},"end":{"line":32,"column":5}},"line":30},"5":{"name":"(anonymous_5)","decl":{"start":{"line":32,"column":14},"end":{"line":32,"column":15}},"loc":{"start":{"line":32,"column":28},"end":{"line":32,"column":441}},"line":32},"6":{"name":"(anonymous_6)","decl":{"start":{"line":34,"column":2},"end":{"line":34,"column":3}},"loc":{"start":{"line":34,"column":11},"end":{"line":85,"column":3}},"line":34},"7":{"name":"mapStateToProps","decl":{"start":{"line":92,"column":9},"end":{"line":92,"column":24}},"loc":{"start":{"line":92,"column":32},"end":{"line":98,"column":1}},"line":92}},"branchMap":{"0":{"loc":{"start":{"line":7,"column":144},"end":{"line":7,"column":190}},"type":"cond-expr","locations":[{"start":{"line":7,"column":168},"end":{"line":7,"column":171}},{"start":{"line":7,"column":174},"end":{"line":7,"column":190}}],"line":7},"1":{"loc":{"start":{"line":7,"column":144},"end":{"line":7,"column":165}},"type":"binary-expr","locations":[{"start":{"line":7,"column":144},"end":{"line":7,"column":147}},{"start":{"line":7,"column":151},"end":{"line":7,"column":165}}],"line":7},"2":{"loc":{"start":{"line":32,"column":29},"end":{"line":32,"column":440}},"type":"if","locations":[{"start":{"line":32,"column":29},"end":{"line":32,"column":440}},{"start":{"line":32,"column":29},"end":{"line":32,"column":440}}],"line":32},"3":{"loc":{"start":{"line":42,"column":12},"end":{"line":42,"column":169}},"type":"cond-expr","locations":[{"start":{"line":42,"column":35},"end":{"line":42,"column":164}},{"start":{"line":42,"column":167},"end":{"line":42,"column":169}}],"line":42}},"s":{"0":0,"1":0,"2":0,"3":0,"4":0,"5":0,"6":0,"7":0,"8":0,"9":0,"10":0,"11":0,"12":0,"13":0,"14":0,"15":0,"16":0,"17":0,"18":0,"19":0,"20":0,"21":0,"22":0,"23":0,"24":0},"f":{"0":0,"1":0,"2":0,"3":0,"4":0,"5":0,"6":0,"7":0},"b":{"0":[0,0],"1":[0,0],"2":[0,0],"3":[0,0]}}
,"/Users/ryanpalo/projects/flasher/client/src/components/pages/home-page.js": {"path":"/Users/ryanpalo/projects/flasher/client/src/components/pages/home-page.js","statementMap":{"0":{"start":{"line":1,"column":13},"end":{"line":1,"column":75}},"1":{"start":{"line":1,"column":94},"end":{"line":1,"column":169}},"2":{"start":{"line":1,"column":183},"end":{"line":1,"column":199}},"3":{"start":{"line":1,"column":214},"end":{"line":1,"column":244}},"4":{"start":{"line":2,"column":23},"end":{"line":2,"column":51}},"5":{"start":{"line":3,"column":18},"end":{"line":3,"column":40}},"6":{"start":{"line":4,"column":26},"end":{"line":4,"column":57}},"7":{"start":{"line":6,"column":19},"end":{"line":6,"column":55}},"8":{"start":{"line":7,"column":17},"end":{"line":7,"column":45}},"9":{"start":{"line":7,"column":64},"end":{"line":7,"column":98}},"10":{"start":{"line":7,"column":137},"end":{"line":7,"column":191}},"11":{"start":{"line":10,"column":73},"end":{"line":16,"column":13}},"12":{"start":{"line":15,"column":6},"end":{"line":15,"column":47}},"13":{"start":{"line":19,"column":4},"end":{"line":29,"column":133}},"14":{"start":{"line":35,"column":24},"end":{"line":37,"column":33}},"15":{"start":{"line":35,"column":34},"end":{"line":37,"column":32}},"16":{"start":{"line":37,"column":34},"end":{"line":40,"column":89}}},"fnMap":{"0":{"name":"_interopRequireDefault","decl":{"start":{"line":7,"column":108},"end":{"line":7,"column":130}},"loc":{"start":{"line":7,"column":136},"end":{"line":7,"column":192}},"line":7},"1":{"name":"(anonymous_1)","decl":{"start":{"line":10,"column":41},"end":{"line":10,"column":42}},"loc":{"start":{"line":10,"column":62},"end":{"line":16,"column":14}},"line":10},"2":{"name":"(anonymous_2)","decl":{"start":{"line":11,"column":24},"end":{"line":11,"column":25}},"loc":{"start":{"line":11,"column":30},"end":{"line":16,"column":5}},"line":11},"3":{"name":"(anonymous_3)","decl":{"start":{"line":18,"column":2},"end":{"line":18,"column":3}},"loc":{"start":{"line":18,"column":11},"end":{"line":33,"column":3}},"line":18},"4":{"name":"(anonymous_4)","decl":{"start":{"line":35,"column":24},"end":{"line":35,"column":25}},"loc":{"start":{"line":35,"column":34},"end":{"line":37,"column":32}},"line":35}},"branchMap":{"0":{"loc":{"start":{"line":7,"column":144},"end":{"line":7,"column":190}},"type":"cond-expr","locations":[{"start":{"line":7,"column":168},"end":{"line":7,"column":171}},{"start":{"line":7,"column":174},"end":{"line":7,"column":190}}],"line":7},"1":{"loc":{"start":{"line":7,"column":144},"end":{"line":7,"column":165}},"type":"binary-expr","locations":[{"start":{"line":7,"column":144},"end":{"line":7,"column":147}},{"start":{"line":7,"column":151},"end":{"line":7,"column":165}}],"line":7},"2":{"loc":{"start":{"line":21,"column":8},"end":{"line":29,"column":130}},"type":"cond-expr","locations":[{"start":{"line":22,"column":8},"end":{"line":25,"column":169}},{"start":{"line":29,"column":8},"end":{"line":29,"column":130}}],"line":21}},"s":{"0":0,"1":0,"2":0,"3":0,"4":0,"5":0,"6":0,"7":0,"8":0,"9":0,"10":0,"11":0,"12":0,"13":0,"14":0,"15":0,"16":0},"f":{"0":0,"1":0,"2":0,"3":0,"4":0},"b":{"0":[0,0],"1":[0,0],"2":[0,0]}}
,"/Users/ryanpalo/projects/flasher/client/src/components/pages/not-found-page.js": {"path":"/Users/ryanpalo/projects/flasher/client/src/components/pages/not-found-page.js","statementMap":{"0":{"start":{"line":1,"column":13},"end":{"line":1,"column":75}},"1":{"start":{"line":1,"column":94},"end":{"line":1,"column":174}},"2":{"start":{"line":1,"column":188},"end":{"line":1,"column":204}},"3":{"start":{"line":1,"column":219},"end":{"line":1,"column":249}},"4":{"start":{"line":1,"column":288},"end":{"line":1,"column":342}},"5":{"start":{"line":6,"column":4},"end":{"line":9,"column":178}},"6":{"start":{"line":12,"column":4},"end":{"line":14,"column":13}}},"fnMap":{"0":{"name":"_interopRequireDefault","decl":{"start":{"line":1,"column":259},"end":{"line":1,"column":281}},"loc":{"start":{"line":1,"column":287},"end":{"line":1,"column":343}},"line":1},"1":{"name":"(anonymous_1)","decl":{"start":{"line":5,"column":2},"end":{"line":5,"column":3}},"loc":{"start":{"line":5,"column":11},"end":{"line":12,"column":3}},"line":5}},"branchMap":{"0":{"loc":{"start":{"line":1,"column":295},"end":{"line":1,"column":341}},"type":"cond-expr","locations":[{"start":{"line":1,"column":319},"end":{"line":1,"column":322}},{"start":{"line":1,"column":325},"end":{"line":1,"column":341}}],"line":1},"1":{"loc":{"start":{"line":1,"column":295},"end":{"line":1,"column":316}},"type":"binary-expr","locations":[{"start":{"line":1,"column":295},"end":{"line":1,"column":298}},{"start":{"line":1,"column":302},"end":{"line":1,"column":316}}],"line":1}},"s":{"0":0,"1":0,"2":0,"3":0,"4":0,"5":0,"6":0},"f":{"0":0,"1":0},"b":{"0":[0,0],"1":[0,0]}}
,"/Users/ryanpalo/projects/flasher/client/src/constants/actionTypes.js": {"path":"/Users/ryanpalo/projects/flasher/client/src/constants/actionTypes.js","statementMap":{"0":{"start":{"line":2,"column":31},"end":{"line":2,"column":48}},"1":{"start":{"line":3,"column":20},"end":{"line":3,"column":37}},"2":{"start":{"line":4,"column":17},"end":{"line":4,"column":31}},"3":{"start":{"line":5,"column":14},"end":{"line":5,"column":25}},"4":{"start":{"line":6,"column":16},"end":{"line":6,"column":29}},"5":{"start":{"line":7,"column":15},"end":{"line":7,"column":27}},"6":{"start":{"line":8,"column":28},"end":{"line":8,"column":53}},"7":{"start":{"line":9,"column":27},"end":{"line":9,"column":51}},"8":{"start":{"line":10,"column":19},"end":{"line":10,"column":35}},"9":{"start":{"line":13,"column":37},"end":{"line":13,"column":60}},"10":{"start":{"line":14,"column":23},"end":{"line":14,"column":43}},"11":{"start":{"line":15,"column":26},"end":{"line":15,"column":49}},"12":{"start":{"line":16,"column":29},"end":{"line":16,"column":55}},"13":{"start":{"line":17,"column":26},"end":{"line":17,"column":49}},"14":{"start":{"line":18,"column":28},"end":{"line":18,"column":53}},"15":{"start":{"line":19,"column":25},"end":{"line":19,"column":50}},"16":{"start":{"line":20,"column":36},"end":{"line":20,"column":69}},"17":{"start":{"line":21,"column":33},"end":{"line":21,"column":63}},"18":{"start":{"line":22,"column":23},"end":{"line":22,"column":43}},"19":{"start":{"line":23,"column":26},"end":{"line":23,"column":49}},"20":{"start":{"line":24,"column":17},"end":{"line":24,"column":31}},"21":{"start":{"line":25,"column":21},"end":{"line":25,"column":39}},"22":{"start":{"line":26,"column":24},"end":{"line":26,"column":45}}},"fnMap":{},"branchMap":{},"s":{"0":1,"1":1,"2":1,"3":1,"4":1,"5":1,"6":1,"7":1,"8":1,"9":1,"10":1,"11":1,"12":1,"13":1,"14":1,"15":1,"16":1,"17":1,"18":1,"19":1,"20":1,"21":1,"22":1},"f":{},"b":{},"_coverageSchema":"332fd63041d2c1bcb487cc26dd0d5f7d97098a6c","hash":"3312f50f7a0367ca1741c036760ef3cd43d29fee"}
,"/Users/ryanpalo/projects/flasher/client/src/react-toolbox/theme.js": {"path":"/Users/ryanpalo/projects/flasher/client/src/react-toolbox/theme.js","statementMap":{"0":{"start":{"line":1,"column":13},"end":{"line":1,"column":3968}}},"fnMap":{},"branchMap":{},"s":{"0":0},"f":{},"b":{}}
,"/Users/ryanpalo/projects/flasher/client/src/reducers/authReducers.js": {"path":"/Users/ryanpalo/projects/flasher/client/src/reducers/authReducers.js","statementMap":{"0":{"start":{"line":1,"column":13},"end":{"line":1,"column":75}},"1":{"start":{"line":1,"column":75},"end":{"line":21,"column":2}},"2":{"start":{"line":9,"column":2},"end":{"line":19,"column":20}},"3":{"start":{"line":11,"column":6},"end":{"line":11,"column":127}},"4":{"start":{"line":13,"column":6},"end":{"line":13,"column":92}},"5":{"start":{"line":15,"column":6},"end":{"line":15,"column":115}},"6":{"start":{"line":17,"column":6},"end":{"line":17,"column":67}},"7":{"start":{"line":19,"column":6},"end":{"line":19,"column":19}},"8":{"start":{"line":21,"column":21},"end":{"line":21,"column":56}},"9":{"start":{"line":21,"column":79},"end":{"line":21,"column":161}}},"fnMap":{"0":{"name":"(anonymous_0)","decl":{"start":{"line":8,"column":0},"end":{"line":8,"column":1}},"loc":{"start":{"line":8,"column":41},"end":{"line":21,"column":1}},"line":8}},"branchMap":{"0":{"loc":{"start":{"line":8,"column":10},"end":{"line":8,"column":31}},"type":"default-arg","locations":[{"start":{"line":8,"column":18},"end":{"line":8,"column":31}}],"line":8},"1":{"loc":{"start":{"line":9,"column":2},"end":{"line":19,"column":20}},"type":"switch","locations":[{"start":{"line":10,"column":4},"end":{"line":11,"column":127}},{"start":{"line":12,"column":4},"end":{"line":13,"column":92}},{"start":{"line":14,"column":4},"end":{"line":15,"column":115}},{"start":{"line":16,"column":4},"end":{"line":17,"column":67}},{"start":{"line":18,"column":4},"end":{"line":19,"column":19}}],"line":9}},"s":{"0":0,"1":0,"2":0,"3":0,"4":0,"5":0,"6":0,"7":0,"8":0,"9":0},"f":{"0":0},"b":{"0":[0],"1":[0,0,0,0,0]}}
,"/Users/ryanpalo/projects/flasher/client/src/reducers/cardsReducer.js": {"path":"/Users/ryanpalo/projects/flasher/client/src/reducers/cardsReducer.js","statementMap":{"0":{"start":{"line":1,"column":13},"end":{"line":1,"column":75}},"1":{"start":{"line":1,"column":94},"end":{"line":1,"column":129}},"2":{"start":{"line":1,"column":144},"end":{"line":1,"column":181}},"3":{"start":{"line":1,"column":221},"end":{"line":1,"column":437}},"4":{"start":{"line":1,"column":249},"end":{"line":1,"column":260}},"5":{"start":{"line":1,"column":281},"end":{"line":1,"column":283}},"6":{"start":{"line":1,"column":284},"end":{"line":1,"column":401}},"7":{"start":{"line":1,"column":302},"end":{"line":1,"column":400}},"8":{"start":{"line":1,"column":324},"end":{"line":1,"column":399}},"9":{"start":{"line":1,"column":376},"end":{"line":1,"column":399}},"10":{"start":{"line":1,"column":401},"end":{"line":1,"column":422}},"11":{"start":{"line":1,"column":422},"end":{"line":1,"column":436}},"12":{"start":{"line":3,"column":22},"end":{"line":7,"column":17}},"13":{"start":{"line":7,"column":18},"end":{"line":52,"column":2}},"14":{"start":{"line":11,"column":2},"end":{"line":50,"column":20}},"15":{"start":{"line":13,"column":6},"end":{"line":13,"column":65}},"16":{"start":{"line":15,"column":6},"end":{"line":15,"column":133}},"17":{"start":{"line":17,"column":6},"end":{"line":17,"column":95}},"18":{"start":{"line":19,"column":6},"end":{"line":21,"column":9}},"19":{"start":{"line":22,"column":28},"end":{"line":24,"column":8}},"20":{"start":{"line":23,"column":8},"end":{"line":23,"column":42}},"21":{"start":{"line":25,"column":6},"end":{"line":25,"column":47}},"22":{"start":{"line":26,"column":32},"end":{"line":26,"column":68}},"23":{"start":{"line":28,"column":6},"end":{"line":28,"column":57}},"24":{"start":{"line":29,"column":6},"end":{"line":29,"column":100}},"25":{"start":{"line":31,"column":34},"end":{"line":31,"column":36}},"26":{"start":{"line":33,"column":6},"end":{"line":37,"column":9}},"27":{"start":{"line":34,"column":8},"end":{"line":34,"column":56}},"28":{"start":{"line":35,"column":8},"end":{"line":35,"column":93}},"29":{"start":{"line":35,"column":45},"end":{"line":35,"column":92}},"30":{"start":{"line":36,"column":8},"end":{"line":36,"column":88}},"31":{"start":{"line":36,"column":41},"end":{"line":36,"column":87}},"32":{"start":{"line":38,"column":6},"end":{"line":38,"column":76}},"33":{"start":{"line":41,"column":33},"end":{"line":41,"column":69}},"34":{"start":{"line":43,"column":6},"end":{"line":43,"column":43}},"35":{"start":{"line":44,"column":6},"end":{"line":44,"column":70}},"36":{"start":{"line":45,"column":6},"end":{"line":45,"column":75}},"37":{"start":{"line":48,"column":6},"end":{"line":48,"column":63}},"38":{"start":{"line":50,"column":6},"end":{"line":50,"column":19}}},"fnMap":{"0":{"name":"_interopRequireWildcard","decl":{"start":{"line":1,"column":191},"end":{"line":1,"column":214}},"loc":{"start":{"line":1,"column":220},"end":{"line":1,"column":438}},"line":1},"1":{"name":"(anonymous_1)","decl":{"start":{"line":10,"column":0},"end":{"line":10,"column":1}},"loc":{"start":{"line":10,"column":35},"end":{"line":52,"column":1}},"line":10},"2":{"name":"(anonymous_2)","decl":{"start":{"line":22,"column":51},"end":{"line":22,"column":52}},"loc":{"start":{"line":22,"column":62},"end":{"line":24,"column":7}},"line":22},"3":{"name":"(anonymous_3)","decl":{"start":{"line":33,"column":41},"end":{"line":33,"column":42}},"loc":{"start":{"line":33,"column":47},"end":{"line":37,"column":7}},"line":33}},"branchMap":{"0":{"loc":{"start":{"line":1,"column":221},"end":{"line":1,"column":437}},"type":"if","locations":[{"start":{"line":1,"column":221},"end":{"line":1,"column":437}},{"start":{"line":1,"column":221},"end":{"line":1,"column":437}}],"line":1},"1":{"loc":{"start":{"line":1,"column":225},"end":{"line":1,"column":246}},"type":"binary-expr","locations":[{"start":{"line":1,"column":225},"end":{"line":1,"column":228}},{"start":{"line":1,"column":232},"end":{"line":1,"column":246}}],"line":1},"2":{"loc":{"start":{"line":1,"column":284},"end":{"line":1,"column":401}},"type":"if","locations":[{"start":{"line":1,"column":284},"end":{"line":1,"column":401}},{"start":{"line":1,"column":284},"end":{"line":1,"column":401}}],"line":1},"3":{"loc":{"start":{"line":1,"column":324},"end":{"line":1,"column":399}},"type":"if","locations":[{"start":{"line":1,"column":324},"end":{"line":1,"column":399}},{"start":{"line":1,"column":324},"end":{"line":1,"column":399}}],"line":1},"4":{"loc":{"start":{"line":10,"column":1},"end":{"line":10,"column":22}},"type":"default-arg","locations":[{"start":{"line":10,"column":9},"end":{"line":10,"column":22}}],"line":10},"5":{"loc":{"start":{"line":11,"column":2},"end":{"line":50,"column":20}},"type":"switch","locations":[{"start":{"line":12,"column":4},"end":{"line":13,"column":65}},{"start":{"line":14,"column":4},"end":{"line":15,"column":133}},{"start":{"line":16,"column":4},"end":{"line":17,"column":95}},{"start":{"line":18,"column":4},"end":{"line":21,"column":9}},{"start":{"line":21,"column":9},"end":{"line":29,"column":100}},{"start":{"line":30,"column":4},"end":{"line":38,"column":76}},{"start":{"line":40,"column":4},"end":{"line":45,"column":75}},{"start":{"line":47,"column":4},"end":{"line":48,"column":63}},{"start":{"line":49,"column":4},"end":{"line":50,"column":19}}],"line":11},"6":{"loc":{"start":{"line":35,"column":8},"end":{"line":35,"column":93}},"type":"if","locations":[{"start":{"line":35,"column":8},"end":{"line":35,"column":93}},{"start":{"line":35,"column":8},"end":{"line":35,"column":93}}],"line":35},"7":{"loc":{"start":{"line":36,"column":8},"end":{"line":36,"column":88}},"type":"if","locations":[{"start":{"line":36,"column":8},"end":{"line":36,"column":88}},{"start":{"line":36,"column":8},"end":{"line":36,"column":88}}],"line":36}},"s":{"0":0,"1":0,"2":0,"3":0,"4":0,"5":0,"6":0,"7":0,"8":0,"9":0,"10":0,"11":0,"12":0,"13":0,"14":0,"15":0,"16":0,"17":0,"18":0,"19":0,"20":0,"21":0,"22":0,"23":0,"24":0,"25":0,"26":0,"27":0,"28":0,"29":0,"30":0,"31":0,"32":0,"33":0,"34":0,"35":0,"36":0,"37":0,"38":0},"f":{"0":0,"1":0,"2":0,"3":0},"b":{"0":[0,0],"1":[0,0],"2":[0,0],"3":[0,0],"4":[0],"5":[0,0,0,0,0,0,0,0,0],"6":[0,0],"7":[0,0]}}
,"/Users/ryanpalo/projects/flasher/client/src/reducers/index.js": {"path":"/Users/ryanpalo/projects/flasher/client/src/reducers/index.js","statementMap":{"0":{"start":{"line":1,"column":13},"end":{"line":1,"column":75}},"1":{"start":{"line":1,"column":88},"end":{"line":1,"column":104}},"2":{"start":{"line":2,"column":17},"end":{"line":2,"column":38}},"3":{"start":{"line":3,"column":24},"end":{"line":3,"column":53}},"4":{"start":{"line":4,"column":20},"end":{"line":4,"column":45}},"5":{"start":{"line":4,"column":67},"end":{"line":4,"column":104}},"6":{"start":{"line":5,"column":20},"end":{"line":5,"column":45}},"7":{"start":{"line":5,"column":67},"end":{"line":5,"column":104}},"8":{"start":{"line":5,"column":143},"end":{"line":5,"column":197}},"9":{"start":{"line":5,"column":198},"end":{"line":11,"column":35}}},"fnMap":{"0":{"name":"_interopRequireDefault","decl":{"start":{"line":5,"column":114},"end":{"line":5,"column":136}},"loc":{"start":{"line":5,"column":142},"end":{"line":5,"column":198}},"line":5}},"branchMap":{"0":{"loc":{"start":{"line":5,"column":150},"end":{"line":5,"column":196}},"type":"cond-expr","locations":[{"start":{"line":5,"column":174},"end":{"line":5,"column":177}},{"start":{"line":5,"column":180},"end":{"line":5,"column":196}}],"line":5},"1":{"loc":{"start":{"line":5,"column":150},"end":{"line":5,"column":171}},"type":"binary-expr","locations":[{"start":{"line":5,"column":150},"end":{"line":5,"column":153}},{"start":{"line":5,"column":157},"end":{"line":5,"column":171}}],"line":5}},"s":{"0":0,"1":0,"2":0,"3":0,"4":0,"5":0,"6":0,"7":0,"8":0,"9":0},"f":{"0":0},"b":{"0":[0,0],"1":[0,0]}}
,"/Users/ryanpalo/projects/flasher/client/src/store/index.js": {"path":"/Users/ryanpalo/projects/flasher/client/src/store/index.js","statementMap":{"0":{"start":{"line":1,"column":13},"end":{"line":1,"column":75}},"1":{"start":{"line":1,"column":75},"end":{"line":1,"column":103}},"2":{"start":{"line":1,"column":116},"end":{"line":1,"column":132}},"3":{"start":{"line":2,"column":24},"end":{"line":2,"column":53}},"4":{"start":{"line":3,"column":20},"end":{"line":3,"column":44}},"5":{"start":{"line":4,"column":18},"end":{"line":4,"column":40}},"6":{"start":{"line":4,"column":60},"end":{"line":4,"column":95}},"7":{"start":{"line":5,"column":19},"end":{"line":5,"column":42}},"8":{"start":{"line":6,"column":28},"end":{"line":6,"column":67}},"9":{"start":{"line":6,"column":97},"end":{"line":6,"column":142}},"10":{"start":{"line":8,"column":16},"end":{"line":8,"column":38}},"11":{"start":{"line":8,"column":56},"end":{"line":8,"column":89}},"12":{"start":{"line":8,"column":128},"end":{"line":8,"column":182}},"13":{"start":{"line":10,"column":16},"end":{"line":10,"column":71}},"14":{"start":{"line":12,"column":21},"end":{"line":12,"column":23}},"15":{"start":{"line":13,"column":18},"end":{"line":13,"column":20}},"16":{"start":{"line":14,"column":19},"end":{"line":17,"column":49}},"17":{"start":{"line":20,"column":0},"end":{"line":26,"column":1}},"18":{"start":{"line":21,"column":28},"end":{"line":21,"column":52}},"19":{"start":{"line":23,"column":2},"end":{"line":25,"column":3}},"20":{"start":{"line":24,"column":4},"end":{"line":24,"column":40}},"21":{"start":{"line":28,"column":26},"end":{"line":31,"column":35}},"22":{"start":{"line":34,"column":14},"end":{"line":37,"column":18}},"23":{"start":{"line":40,"column":0},"end":{"line":40,"column":64}},"24":{"start":{"line":44,"column":0},"end":{"line":46,"column":6}}},"fnMap":{"0":{"name":"_interopRequireDefault","decl":{"start":{"line":8,"column":99},"end":{"line":8,"column":121}},"loc":{"start":{"line":8,"column":127},"end":{"line":8,"column":183}},"line":8}},"branchMap":{"0":{"loc":{"start":{"line":8,"column":135},"end":{"line":8,"column":181}},"type":"cond-expr","locations":[{"start":{"line":8,"column":159},"end":{"line":8,"column":162}},{"start":{"line":8,"column":165},"end":{"line":8,"column":181}}],"line":8},"1":{"loc":{"start":{"line":8,"column":135},"end":{"line":8,"column":156}},"type":"binary-expr","locations":[{"start":{"line":8,"column":135},"end":{"line":8,"column":138}},{"start":{"line":8,"column":142},"end":{"line":8,"column":156}}],"line":8},"2":{"loc":{"start":{"line":20,"column":0},"end":{"line":26,"column":1}},"type":"if","locations":[{"start":{"line":20,"column":0},"end":{"line":26,"column":1}},{"start":{"line":20,"column":0},"end":{"line":26,"column":1}}],"line":20},"3":{"loc":{"start":{"line":23,"column":2},"end":{"line":25,"column":3}},"type":"if","locations":[{"start":{"line":23,"column":2},"end":{"line":25,"column":3}},{"start":{"line":23,"column":2},"end":{"line":25,"column":3}}],"line":23}},"s":{"0":0,"1":0,"2":0,"3":0,"4":0,"5":0,"6":0,"7":0,"8":0,"9":0,"10":0,"11":0,"12":0,"13":0,"14":0,"15":0,"16":0,"17":0,"18":0,"19":0,"20":0,"21":0,"22":0,"23":0,"24":0},"f":{"0":0},"b":{"0":[0,0],"1":[0,0],"2":[0,0],"3":[0,0]}}
}
